[2.967s] Invoking command in '/home/cmhales/vtol_ctrl_ros2/src/ros2_px4_interface': PYTHONPATH=/home/cmhales/vtol_ctrl_ros2/build/ros2_px4_interface/prefix_override:/usr/lib/python3/dist-packages/colcon_core/task/python/colcon_distutils_commands:/home/cmhales/vtol_ctrl_ros2/install/ros2_px4_interface/lib/python3.10/site-packages:${PYTHONPATH} /usr/bin/python3 -W ignore:setup.py install is deprecated setup.py egg_info --egg-base ../../build/ros2_px4_interface build --build-base /home/cmhales/vtol_ctrl_ros2/build/ros2_px4_interface/build install --record /home/cmhales/vtol_ctrl_ros2/build/ros2_px4_interface/install.log --single-version-externally-managed install_data
[4.084s] running egg_info
[4.088s] writing ../../build/ros2_px4_interface/ros2_px4_interface.egg-info/PKG-INFO
[4.092s] writing dependency_links to ../../build/ros2_px4_interface/ros2_px4_interface.egg-info/dependency_links.txt
[4.093s] writing entry points to ../../build/ros2_px4_interface/ros2_px4_interface.egg-info/entry_points.txt
[4.093s] writing requirements to ../../build/ros2_px4_interface/ros2_px4_interface.egg-info/requires.txt
[4.093s] writing top-level names to ../../build/ros2_px4_interface/ros2_px4_interface.egg-info/top_level.txt
[4.106s] reading manifest file '../../build/ros2_px4_interface/ros2_px4_interface.egg-info/SOURCES.txt'
[4.110s] writing manifest file '../../build/ros2_px4_interface/ros2_px4_interface.egg-info/SOURCES.txt'
[4.111s] running build
[4.111s] running build_py
[4.112s] copying ros2_px4_interface/ros2_px4_interface.py -> /home/cmhales/vtol_ctrl_ros2/build/ros2_px4_interface/build/lib/ros2_px4_interface
[4.113s] running install
[4.113s] running install_lib
[4.118s] copying /home/cmhales/vtol_ctrl_ros2/build/ros2_px4_interface/build/lib/ros2_px4_interface/ros2_px4_interface.py -> /home/cmhales/vtol_ctrl_ros2/install/ros2_px4_interface/lib/python3.10/site-packages/ros2_px4_interface
[4.127s] byte-compiling /home/cmhales/vtol_ctrl_ros2/install/ros2_px4_interface/lib/python3.10/site-packages/ros2_px4_interface/ros2_px4_interface.py to ros2_px4_interface.cpython-310.pyc
[4.134s] running install_data
[4.135s] running install_egg_info
[4.143s] removing '/home/cmhales/vtol_ctrl_ros2/install/ros2_px4_interface/lib/python3.10/site-packages/ros2_px4_interface-0.0.0-py3.10.egg-info' (and everything under it)
[4.148s] Copying ../../build/ros2_px4_interface/ros2_px4_interface.egg-info to /home/cmhales/vtol_ctrl_ros2/install/ros2_px4_interface/lib/python3.10/site-packages/ros2_px4_interface-0.0.0-py3.10.egg-info
[4.166s] running install_scripts
[4.253s] Installing offboard_test script to /home/cmhales/vtol_ctrl_ros2/install/ros2_px4_interface/lib/ros2_px4_interface
[4.257s] Installing px4_data_gatherer script to /home/cmhales/vtol_ctrl_ros2/install/ros2_px4_interface/lib/ros2_px4_interface
[4.258s] Installing ros2_px4_interface script to /home/cmhales/vtol_ctrl_ros2/install/ros2_px4_interface/lib/ros2_px4_interface
[4.259s] writing list of installed files to '/home/cmhales/vtol_ctrl_ros2/build/ros2_px4_interface/install.log'
[4.561s] Invoked command in '/home/cmhales/vtol_ctrl_ros2/src/ros2_px4_interface' returned '0': PYTHONPATH=/home/cmhales/vtol_ctrl_ros2/build/ros2_px4_interface/prefix_override:/usr/lib/python3/dist-packages/colcon_core/task/python/colcon_distutils_commands:/home/cmhales/vtol_ctrl_ros2/install/ros2_px4_interface/lib/python3.10/site-packages:${PYTHONPATH} /usr/bin/python3 -W ignore:setup.py install is deprecated setup.py egg_info --egg-base ../../build/ros2_px4_interface build --build-base /home/cmhales/vtol_ctrl_ros2/build/ros2_px4_interface/build install --record /home/cmhales/vtol_ctrl_ros2/build/ros2_px4_interface/install.log --single-version-externally-managed install_data
