[0.343s] DEBUG:colcon:Command line arguments: ['/usr/bin/colcon', 'build', '--packages-select', 'ros2_px4_interface']
[0.343s] DEBUG:colcon:Parsed command line arguments: Namespace(log_base=None, log_level=None, verb_name='build', build_base='build', install_base='install', merge_install=False, symlink_install=False, test_result_base=None, continue_on_error=False, executor='parallel', parallel_workers=6, event_handlers=None, ignore_user_meta=False, metas=['./colcon.meta'], base_paths=['.'], packages_ignore=None, packages_ignore_regex=None, paths=None, packages_up_to=None, packages_up_to_regex=None, packages_above=None, packages_above_and_dependencies=None, packages_above_depth=None, packages_select_by_dep=None, packages_skip_by_dep=None, packages_skip_up_to=None, packages_select_build_failed=False, packages_skip_build_finished=False, packages_select_test_failures=False, packages_skip_test_passed=False, packages_select=['ros2_px4_interface'], packages_skip=None, packages_select_regex=None, packages_skip_regex=None, packages_start=None, packages_end=None, allow_overriding=[], cmake_args=None, cmake_target=None, cmake_target_skip_unavailable=False, cmake_clean_cache=False, cmake_clean_first=False, cmake_force_configure=False, ament_cmake_args=None, catkin_cmake_args=None, catkin_skip_building_tests=False, mixin_files=None, mixin=None, verb_parser=<colcon_mixin.mixin.mixin_argument.MixinArgumentDecorator object at 0x79f339b32aa0>, verb_extension=<colcon_core.verb.build.BuildVerb object at 0x79f339b32530>, main=<bound method BuildVerb.main of <colcon_core.verb.build.BuildVerb object at 0x79f339b32530>>, mixin_verb=('build',))
[0.907s] Level 1:colcon.colcon_core.package_discovery:discover_packages(colcon_meta) check parameters
[0.908s] Level 1:colcon.colcon_core.package_discovery:discover_packages(recursive) check parameters
[0.909s] Level 1:colcon.colcon_core.package_discovery:discover_packages(ignore) check parameters
[0.909s] Level 1:colcon.colcon_core.package_discovery:discover_packages(path) check parameters
[0.909s] Level 1:colcon.colcon_core.package_discovery:discover_packages(colcon_meta) discover
[0.909s] Level 1:colcon.colcon_core.package_discovery:discover_packages(recursive) discover
[0.909s] INFO:colcon.colcon_core.package_discovery:Crawling recursively for packages in '/home/cmhales/vtol_ctrl_ros2'
[0.910s] Level 1:colcon.colcon_core.package_identification:_identify(.) by extensions ['ignore', 'ignore_ament_install']
[0.910s] Level 1:colcon.colcon_core.package_identification:_identify(.) by extension 'ignore'
[0.910s] Level 1:colcon.colcon_core.package_identification:_identify(.) by extension 'ignore_ament_install'
[0.910s] Level 1:colcon.colcon_core.package_identification:_identify(.) by extensions ['colcon_pkg']
[0.911s] Level 1:colcon.colcon_core.package_identification:_identify(.) by extension 'colcon_pkg'
[0.911s] Level 1:colcon.colcon_core.package_identification:_identify(.) by extensions ['colcon_meta']
[0.911s] Level 1:colcon.colcon_core.package_identification:_identify(.) by extension 'colcon_meta'
[0.911s] Level 1:colcon.colcon_core.package_identification:_identify(.) by extensions ['ros']
[0.911s] Level 1:colcon.colcon_core.package_identification:_identify(.) by extension 'ros'
[0.954s] Level 1:colcon.colcon_core.package_identification:_identify(.) by extensions ['cmake', 'python']
[0.954s] Level 1:colcon.colcon_core.package_identification:_identify(.) by extension 'cmake'
[0.954s] Level 1:colcon.colcon_core.package_identification:_identify(.) by extension 'python'
[0.955s] Level 1:colcon.colcon_core.package_identification:_identify(.) by extensions ['python_setup_py']
[0.956s] Level 1:colcon.colcon_core.package_identification:_identify(.) by extension 'python_setup_py'
[0.957s] Level 1:colcon.colcon_core.package_identification:_identify(build) by extensions ['ignore', 'ignore_ament_install']
[0.959s] Level 1:colcon.colcon_core.package_identification:_identify(build) by extension 'ignore'
[0.959s] Level 1:colcon.colcon_core.package_identification:_identify(build) ignored
[0.960s] Level 1:colcon.colcon_core.package_identification:_identify(install) by extensions ['ignore', 'ignore_ament_install']
[0.960s] Level 1:colcon.colcon_core.package_identification:_identify(install) by extension 'ignore'
[0.961s] Level 1:colcon.colcon_core.package_identification:_identify(install) ignored
[0.961s] Level 1:colcon.colcon_core.package_identification:_identify(log) by extensions ['ignore', 'ignore_ament_install']
[0.961s] Level 1:colcon.colcon_core.package_identification:_identify(log) by extension 'ignore'
[0.961s] Level 1:colcon.colcon_core.package_identification:_identify(log) ignored
[0.961s] Level 1:colcon.colcon_core.package_identification:_identify(src) by extensions ['ignore', 'ignore_ament_install']
[0.962s] Level 1:colcon.colcon_core.package_identification:_identify(src) by extension 'ignore'
[0.962s] Level 1:colcon.colcon_core.package_identification:_identify(src) by extension 'ignore_ament_install'
[0.962s] Level 1:colcon.colcon_core.package_identification:_identify(src) by extensions ['colcon_pkg']
[0.963s] Level 1:colcon.colcon_core.package_identification:_identify(src) by extension 'colcon_pkg'
[0.964s] Level 1:colcon.colcon_core.package_identification:_identify(src) by extensions ['colcon_meta']
[0.965s] Level 1:colcon.colcon_core.package_identification:_identify(src) by extension 'colcon_meta'
[0.965s] Level 1:colcon.colcon_core.package_identification:_identify(src) by extensions ['ros']
[0.965s] Level 1:colcon.colcon_core.package_identification:_identify(src) by extension 'ros'
[0.967s] Level 1:colcon.colcon_core.package_identification:_identify(src) by extensions ['cmake', 'python']
[0.969s] Level 1:colcon.colcon_core.package_identification:_identify(src) by extension 'cmake'
[0.969s] Level 1:colcon.colcon_core.package_identification:_identify(src) by extension 'python'
[0.972s] Level 1:colcon.colcon_core.package_identification:_identify(src) by extensions ['python_setup_py']
[0.973s] Level 1:colcon.colcon_core.package_identification:_identify(src) by extension 'python_setup_py'
[0.975s] Level 1:colcon.colcon_core.package_identification:_identify(src/px4_msgs) by extensions ['ignore', 'ignore_ament_install']
[0.975s] Level 1:colcon.colcon_core.package_identification:_identify(src/px4_msgs) by extension 'ignore'
[0.976s] Level 1:colcon.colcon_core.package_identification:_identify(src/px4_msgs) by extension 'ignore_ament_install'
[0.976s] Level 1:colcon.colcon_core.package_identification:_identify(src/px4_msgs) by extensions ['colcon_pkg']
[0.976s] Level 1:colcon.colcon_core.package_identification:_identify(src/px4_msgs) by extension 'colcon_pkg'
[0.976s] Level 1:colcon.colcon_core.package_identification:_identify(src/px4_msgs) by extensions ['colcon_meta']
[0.976s] Level 1:colcon.colcon_core.package_identification:_identify(src/px4_msgs) by extension 'colcon_meta'
[0.976s] Level 1:colcon.colcon_core.package_identification:_identify(src/px4_msgs) by extensions ['ros']
[0.977s] Level 1:colcon.colcon_core.package_identification:_identify(src/px4_msgs) by extension 'ros'
[0.984s] DEBUG:colcon.colcon_core.package_identification:Package 'src/px4_msgs' with type 'ros.ament_cmake' and name 'px4_msgs'
[0.985s] Level 1:colcon.colcon_core.package_identification:_identify(src/px4_ros_com) by extensions ['ignore', 'ignore_ament_install']
[0.985s] Level 1:colcon.colcon_core.package_identification:_identify(src/px4_ros_com) by extension 'ignore'
[0.985s] Level 1:colcon.colcon_core.package_identification:_identify(src/px4_ros_com) by extension 'ignore_ament_install'
[0.985s] Level 1:colcon.colcon_core.package_identification:_identify(src/px4_ros_com) by extensions ['colcon_pkg']
[0.985s] Level 1:colcon.colcon_core.package_identification:_identify(src/px4_ros_com) by extension 'colcon_pkg'
[0.985s] Level 1:colcon.colcon_core.package_identification:_identify(src/px4_ros_com) by extensions ['colcon_meta']
[0.986s] Level 1:colcon.colcon_core.package_identification:_identify(src/px4_ros_com) by extension 'colcon_meta'
[0.986s] Level 1:colcon.colcon_core.package_identification:_identify(src/px4_ros_com) by extensions ['ros']
[0.986s] Level 1:colcon.colcon_core.package_identification:_identify(src/px4_ros_com) by extension 'ros'
[0.990s] DEBUG:colcon.colcon_core.package_identification:Package 'src/px4_ros_com' with type 'ros.ament_cmake' and name 'px4_ros_com'
[0.991s] Level 1:colcon.colcon_core.package_identification:_identify(src/ros2_px4_interface) by extensions ['ignore', 'ignore_ament_install']
[0.991s] Level 1:colcon.colcon_core.package_identification:_identify(src/ros2_px4_interface) by extension 'ignore'
[0.991s] Level 1:colcon.colcon_core.package_identification:_identify(src/ros2_px4_interface) by extension 'ignore_ament_install'
[0.991s] Level 1:colcon.colcon_core.package_identification:_identify(src/ros2_px4_interface) by extensions ['colcon_pkg']
[0.991s] Level 1:colcon.colcon_core.package_identification:_identify(src/ros2_px4_interface) by extension 'colcon_pkg'
[0.991s] Level 1:colcon.colcon_core.package_identification:_identify(src/ros2_px4_interface) by extensions ['colcon_meta']
[0.991s] Level 1:colcon.colcon_core.package_identification:_identify(src/ros2_px4_interface) by extension 'colcon_meta'
[0.992s] Level 1:colcon.colcon_core.package_identification:_identify(src/ros2_px4_interface) by extensions ['ros']
[0.992s] Level 1:colcon.colcon_core.package_identification:_identify(src/ros2_px4_interface) by extension 'ros'
[0.995s] DEBUG:colcon.colcon_core.package_identification:Package 'src/ros2_px4_interface' with type 'ros.ament_python' and name 'ros2_px4_interface'
[0.996s] Level 1:colcon.colcon_core.package_discovery:discover_packages(recursive) using defaults
[0.997s] Level 1:colcon.colcon_core.package_discovery:discover_packages(ignore) discover
[0.998s] Level 1:colcon.colcon_core.package_discovery:discover_packages(ignore) using defaults
[0.999s] Level 1:colcon.colcon_core.package_discovery:discover_packages(path) discover
[0.999s] Level 1:colcon.colcon_core.package_discovery:discover_packages(path) using defaults
[1.127s] INFO:colcon.colcon_core.package_selection:Skipping not selected package 'px4_msgs' in 'src/px4_msgs'
[1.127s] INFO:colcon.colcon_core.package_selection:Skipping not selected package 'px4_ros_com' in 'src/px4_ros_com'
[1.128s] Level 1:colcon.colcon_core.package_discovery:discover_packages(prefix_path) check parameters
[1.129s] Level 1:colcon.colcon_core.package_discovery:discover_packages(prefix_path) discover
[1.143s] DEBUG:colcon.colcon_installed_package_information.package_discovery:Found 3 installed packages in /home/cmhales/vtol_ctrl_ros2/install
[1.147s] DEBUG:colcon.colcon_installed_package_information.package_discovery:Found 270 installed packages in /opt/ros/humble
[1.152s] Level 1:colcon.colcon_core.package_discovery:discover_packages(prefix_path) using defaults
[1.328s] Level 5:colcon.colcon_core.verb:set package 'ros2_px4_interface' build argument 'cmake_args' from command line to 'None'
[1.328s] Level 5:colcon.colcon_core.verb:set package 'ros2_px4_interface' build argument 'cmake_target' from command line to 'None'
[1.329s] Level 5:colcon.colcon_core.verb:set package 'ros2_px4_interface' build argument 'cmake_target_skip_unavailable' from command line to 'False'
[1.329s] Level 5:colcon.colcon_core.verb:set package 'ros2_px4_interface' build argument 'cmake_clean_cache' from command line to 'False'
[1.329s] Level 5:colcon.colcon_core.verb:set package 'ros2_px4_interface' build argument 'cmake_clean_first' from command line to 'False'
[1.329s] Level 5:colcon.colcon_core.verb:set package 'ros2_px4_interface' build argument 'cmake_force_configure' from command line to 'False'
[1.329s] Level 5:colcon.colcon_core.verb:set package 'ros2_px4_interface' build argument 'ament_cmake_args' from command line to 'None'
[1.329s] Level 5:colcon.colcon_core.verb:set package 'ros2_px4_interface' build argument 'catkin_cmake_args' from command line to 'None'
[1.329s] Level 5:colcon.colcon_core.verb:set package 'ros2_px4_interface' build argument 'catkin_skip_building_tests' from command line to 'False'
[1.329s] DEBUG:colcon.colcon_core.verb:Building package 'ros2_px4_interface' with the following arguments: {'ament_cmake_args': None, 'build_base': '/home/cmhales/vtol_ctrl_ros2/build/ros2_px4_interface', 'catkin_cmake_args': None, 'catkin_skip_building_tests': False, 'cmake_args': None, 'cmake_clean_cache': False, 'cmake_clean_first': False, 'cmake_force_configure': False, 'cmake_target': None, 'cmake_target_skip_unavailable': False, 'install_base': '/home/cmhales/vtol_ctrl_ros2/install/ros2_px4_interface', 'merge_install': False, 'path': '/home/cmhales/vtol_ctrl_ros2/src/ros2_px4_interface', 'symlink_install': False, 'test_result_base': None}
[1.330s] INFO:colcon.colcon_core.executor:Executing jobs using 'parallel' executor
[1.332s] DEBUG:colcon.colcon_parallel_executor.executor.parallel:run_until_complete
[1.333s] INFO:colcon.colcon_ros.task.ament_python.build:Building ROS package in '/home/cmhales/vtol_ctrl_ros2/src/ros2_px4_interface' with build type 'ament_python'
[1.333s] Level 1:colcon.colcon_core.shell:create_environment_hook('ros2_px4_interface', 'ament_prefix_path')
[1.348s] INFO:colcon.colcon_core.plugin_system:Skipping extension 'colcon_core.shell.bat': Not used on non-Windows systems
[1.349s] INFO:colcon.colcon_core.shell:Creating environment hook '/home/cmhales/vtol_ctrl_ros2/install/ros2_px4_interface/share/ros2_px4_interface/hook/ament_prefix_path.ps1'
[1.354s] INFO:colcon.colcon_core.shell:Creating environment descriptor '/home/cmhales/vtol_ctrl_ros2/install/ros2_px4_interface/share/ros2_px4_interface/hook/ament_prefix_path.dsv'
[1.357s] INFO:colcon.colcon_core.shell:Creating environment hook '/home/cmhales/vtol_ctrl_ros2/install/ros2_px4_interface/share/ros2_px4_interface/hook/ament_prefix_path.sh'
[1.364s] INFO:colcon.colcon_core.shell:Skip shell extension 'powershell' for command environment: Not usable outside of PowerShell
[1.365s] DEBUG:colcon.colcon_core.shell:Skip shell extension 'dsv' for command environment
[2.688s] INFO:colcon.colcon_core.task.python.build:Building Python package in '/home/cmhales/vtol_ctrl_ros2/src/ros2_px4_interface'
[2.689s] INFO:colcon.colcon_core.shell:Skip shell extension 'powershell' for command environment: Not usable outside of PowerShell
[2.689s] DEBUG:colcon.colcon_core.shell:Skip shell extension 'dsv' for command environment
[4.357s] DEBUG:colcon.colcon_core.event_handler.log_command:Invoking command in '/home/cmhales/vtol_ctrl_ros2/src/ros2_px4_interface': PYTHONPATH=/home/cmhales/vtol_ctrl_ros2/build/ros2_px4_interface/prefix_override:/usr/lib/python3/dist-packages/colcon_core/task/python/colcon_distutils_commands:/home/cmhales/vtol_ctrl_ros2/install/ros2_px4_interface/lib/python3.10/site-packages:${PYTHONPATH} /usr/bin/python3 -W ignore:setup.py install is deprecated setup.py egg_info --egg-base ../../build/ros2_px4_interface build --build-base /home/cmhales/vtol_ctrl_ros2/build/ros2_px4_interface/build install --record /home/cmhales/vtol_ctrl_ros2/build/ros2_px4_interface/install.log --single-version-externally-managed install_data
[5.743s] DEBUG:colcon.colcon_core.event_handler.log_command:Invoked command in '/home/cmhales/vtol_ctrl_ros2/src/ros2_px4_interface' returned '0': PYTHONPATH=/home/cmhales/vtol_ctrl_ros2/build/ros2_px4_interface/prefix_override:/usr/lib/python3/dist-packages/colcon_core/task/python/colcon_distutils_commands:/home/cmhales/vtol_ctrl_ros2/install/ros2_px4_interface/lib/python3.10/site-packages:${PYTHONPATH} /usr/bin/python3 -W ignore:setup.py install is deprecated setup.py egg_info --egg-base ../../build/ros2_px4_interface build --build-base /home/cmhales/vtol_ctrl_ros2/build/ros2_px4_interface/build install --record /home/cmhales/vtol_ctrl_ros2/build/ros2_px4_interface/install.log --single-version-externally-managed install_data
[5.754s] Level 1:colcon.colcon_core.environment:checking '/home/cmhales/vtol_ctrl_ros2/install/ros2_px4_interface' for CMake module files
[5.755s] Level 1:colcon.colcon_core.environment:checking '/home/cmhales/vtol_ctrl_ros2/install/ros2_px4_interface' for CMake config files
[5.757s] Level 1:colcon.colcon_core.environment:checking '/home/cmhales/vtol_ctrl_ros2/install/ros2_px4_interface/lib'
[5.760s] Level 1:colcon.colcon_core.environment:checking '/home/cmhales/vtol_ctrl_ros2/install/ros2_px4_interface/bin'
[5.761s] Level 1:colcon.colcon_core.environment:checking '/home/cmhales/vtol_ctrl_ros2/install/ros2_px4_interface/lib/pkgconfig/ros2_px4_interface.pc'
[5.762s] Level 1:colcon.colcon_core.environment:checking '/home/cmhales/vtol_ctrl_ros2/install/ros2_px4_interface/lib/python3.10/site-packages'
[5.763s] Level 1:colcon.colcon_core.shell:create_environment_hook('ros2_px4_interface', 'pythonpath')
[5.764s] INFO:colcon.colcon_core.shell:Creating environment hook '/home/cmhales/vtol_ctrl_ros2/install/ros2_px4_interface/share/ros2_px4_interface/hook/pythonpath.ps1'
[5.765s] INFO:colcon.colcon_core.shell:Creating environment descriptor '/home/cmhales/vtol_ctrl_ros2/install/ros2_px4_interface/share/ros2_px4_interface/hook/pythonpath.dsv'
[5.766s] INFO:colcon.colcon_core.shell:Creating environment hook '/home/cmhales/vtol_ctrl_ros2/install/ros2_px4_interface/share/ros2_px4_interface/hook/pythonpath.sh'
[5.769s] Level 1:colcon.colcon_core.environment:checking '/home/cmhales/vtol_ctrl_ros2/install/ros2_px4_interface/bin'
[5.770s] Level 1:colcon.colcon_core.environment:create_environment_scripts_only(ros2_px4_interface)
[5.772s] INFO:colcon.colcon_core.shell:Creating package script '/home/cmhales/vtol_ctrl_ros2/install/ros2_px4_interface/share/ros2_px4_interface/package.ps1'
[5.774s] INFO:colcon.colcon_core.shell:Creating package descriptor '/home/cmhales/vtol_ctrl_ros2/install/ros2_px4_interface/share/ros2_px4_interface/package.dsv'
[5.776s] INFO:colcon.colcon_core.shell:Creating package script '/home/cmhales/vtol_ctrl_ros2/install/ros2_px4_interface/share/ros2_px4_interface/package.sh'
[5.780s] INFO:colcon.colcon_core.shell:Creating package script '/home/cmhales/vtol_ctrl_ros2/install/ros2_px4_interface/share/ros2_px4_interface/package.bash'
[5.786s] INFO:colcon.colcon_core.shell:Creating package script '/home/cmhales/vtol_ctrl_ros2/install/ros2_px4_interface/share/ros2_px4_interface/package.zsh'
[5.792s] Level 1:colcon.colcon_core.environment:create_file_with_runtime_dependencies(/home/cmhales/vtol_ctrl_ros2/install/ros2_px4_interface/share/colcon-core/packages/ros2_px4_interface)
[5.798s] DEBUG:colcon.colcon_parallel_executor.executor.parallel:closing loop
[5.800s] DEBUG:colcon.colcon_parallel_executor.executor.parallel:loop closed
[5.801s] DEBUG:colcon.colcon_parallel_executor.executor.parallel:run_until_complete finished with '0'
[5.802s] DEBUG:colcon.colcon_core.event_reactor:joining thread
[5.841s] INFO:colcon.colcon_core.plugin_system:Skipping extension 'colcon_notification.desktop_notification.terminal_notifier': Not used on non-Darwin systems
[5.841s] INFO:colcon.colcon_core.plugin_system:Skipping extension 'colcon_notification.desktop_notification.win32': Not used on non-Windows systems
[5.842s] INFO:colcon.colcon_notification.desktop_notification:Sending desktop notification using 'notify2'
[5.875s] DEBUG:colcon.colcon_core.event_reactor:joined thread
[5.876s] INFO:colcon.colcon_core.shell:Creating prefix script '/home/cmhales/vtol_ctrl_ros2/install/local_setup.ps1'
[5.879s] INFO:colcon.colcon_core.shell:Creating prefix util module '/home/cmhales/vtol_ctrl_ros2/install/_local_setup_util_ps1.py'
[5.884s] INFO:colcon.colcon_core.shell:Creating prefix chain script '/home/cmhales/vtol_ctrl_ros2/install/setup.ps1'
[5.886s] INFO:colcon.colcon_core.shell:Creating prefix script '/home/cmhales/vtol_ctrl_ros2/install/local_setup.sh'
[5.888s] INFO:colcon.colcon_core.shell:Creating prefix util module '/home/cmhales/vtol_ctrl_ros2/install/_local_setup_util_sh.py'
[5.890s] INFO:colcon.colcon_core.shell:Creating prefix chain script '/home/cmhales/vtol_ctrl_ros2/install/setup.sh'
[5.896s] INFO:colcon.colcon_core.shell:Creating prefix script '/home/cmhales/vtol_ctrl_ros2/install/local_setup.bash'
[5.900s] INFO:colcon.colcon_core.shell:Creating prefix chain script '/home/cmhales/vtol_ctrl_ros2/install/setup.bash'
[5.905s] INFO:colcon.colcon_core.shell:Creating prefix script '/home/cmhales/vtol_ctrl_ros2/install/local_setup.zsh'
[5.908s] INFO:colcon.colcon_core.shell:Creating prefix chain script '/home/cmhales/vtol_ctrl_ros2/install/setup.zsh'
