[0.238s] DEBUG:colcon:Command line arguments: ['/usr/bin/colcon', 'list', '-p', '--base-paths', '/home/cmhales/vtol_ctrl_ros2']
[0.238s] DEBUG:colcon:Parsed command line arguments: Namespace(log_base=None, log_level=None, verb_name='list', build_base='build', ignore_user_meta=False, metas=['./colcon.meta'], base_paths=['/home/cmhales/vtol_ctrl_ros2'], packages_ignore=None, packages_ignore_regex=None, paths=None, packages_up_to=None, packages_up_to_regex=None, packages_above=None, packages_above_and_dependencies=None, packages_above_depth=None, packages_select_by_dep=None, packages_skip_by_dep=None, packages_skip_up_to=None, packages_select_build_failed=False, packages_skip_build_finished=False, packages_select_test_failures=False, packages_skip_test_passed=False, packages_select=None, packages_skip=None, packages_select_regex=None, packages_skip_regex=None, packages_start=None, packages_end=None, allow_overriding=[], topological_order=False, names_only=False, paths_only=True, topological_graph=False, topological_graph_dot=False, topological_graph_density=False, topological_graph_legend=False, topological_graph_dot_cluster=False, topological_graph_dot_include_skipped=False, mixin_files=None, mixin=None, verb_parser=<colcon_mixin.mixin.mixin_argument.MixinArgumentDecorator object at 0x7e9938e47640>, verb_extension=<colcon_package_information.verb.list.ListVerb object at 0x7e9938e46050>, main=<bound method ListVerb.main of <colcon_package_information.verb.list.ListVerb object at 0x7e9938e46050>>, mixin_verb=('list',))
[0.604s] Level 1:colcon.colcon_core.package_discovery:discover_packages(colcon_meta) check parameters
[0.604s] Level 1:colcon.colcon_core.package_discovery:discover_packages(recursive) check parameters
[0.604s] Level 1:colcon.colcon_core.package_discovery:discover_packages(ignore) check parameters
[0.604s] Level 1:colcon.colcon_core.package_discovery:discover_packages(path) check parameters
[0.604s] Level 1:colcon.colcon_core.package_discovery:discover_packages(recursive) discover
[0.604s] INFO:colcon.colcon_core.package_discovery:Crawling recursively for packages in '/home/cmhales/vtol_ctrl_ros2'
[0.604s] Level 1:colcon.colcon_core.package_identification:_identify(/home/cmhales/vtol_ctrl_ros2) by extensions ['ignore', 'ignore_ament_install']
[0.604s] Level 1:colcon.colcon_core.package_identification:_identify(/home/cmhales/vtol_ctrl_ros2) by extension 'ignore'
[0.604s] Level 1:colcon.colcon_core.package_identification:_identify(/home/cmhales/vtol_ctrl_ros2) by extension 'ignore_ament_install'
[0.604s] Level 1:colcon.colcon_core.package_identification:_identify(/home/cmhales/vtol_ctrl_ros2) by extensions ['colcon_pkg']
[0.605s] Level 1:colcon.colcon_core.package_identification:_identify(/home/cmhales/vtol_ctrl_ros2) by extension 'colcon_pkg'
[0.605s] Level 1:colcon.colcon_core.package_identification:_identify(/home/cmhales/vtol_ctrl_ros2) by extensions ['colcon_meta']
[0.605s] Level 1:colcon.colcon_core.package_identification:_identify(/home/cmhales/vtol_ctrl_ros2) by extension 'colcon_meta'
[0.605s] Level 1:colcon.colcon_core.package_identification:_identify(/home/cmhales/vtol_ctrl_ros2) by extensions ['ros']
[0.605s] Level 1:colcon.colcon_core.package_identification:_identify(/home/cmhales/vtol_ctrl_ros2) by extension 'ros'
[0.634s] Level 1:colcon.colcon_core.package_identification:_identify(/home/cmhales/vtol_ctrl_ros2) by extensions ['cmake', 'python']
[0.634s] Level 1:colcon.colcon_core.package_identification:_identify(/home/cmhales/vtol_ctrl_ros2) by extension 'cmake'
[0.634s] Level 1:colcon.colcon_core.package_identification:_identify(/home/cmhales/vtol_ctrl_ros2) by extension 'python'
[0.634s] Level 1:colcon.colcon_core.package_identification:_identify(/home/cmhales/vtol_ctrl_ros2) by extensions ['python_setup_py']
[0.634s] Level 1:colcon.colcon_core.package_identification:_identify(/home/cmhales/vtol_ctrl_ros2) by extension 'python_setup_py'
[0.634s] Level 1:colcon.colcon_core.package_identification:_identify(/home/cmhales/vtol_ctrl_ros2/build) by extensions ['ignore', 'ignore_ament_install']
[0.635s] Level 1:colcon.colcon_core.package_identification:_identify(/home/cmhales/vtol_ctrl_ros2/build) by extension 'ignore'
[0.635s] Level 1:colcon.colcon_core.package_identification:_identify(/home/cmhales/vtol_ctrl_ros2/build) ignored
[0.635s] Level 1:colcon.colcon_core.package_identification:_identify(/home/cmhales/vtol_ctrl_ros2/install) by extensions ['ignore', 'ignore_ament_install']
[0.635s] Level 1:colcon.colcon_core.package_identification:_identify(/home/cmhales/vtol_ctrl_ros2/install) by extension 'ignore'
[0.635s] Level 1:colcon.colcon_core.package_identification:_identify(/home/cmhales/vtol_ctrl_ros2/install) ignored
[0.635s] Level 1:colcon.colcon_core.package_identification:_identify(/home/cmhales/vtol_ctrl_ros2/log) by extensions ['ignore', 'ignore_ament_install']
[0.635s] Level 1:colcon.colcon_core.package_identification:_identify(/home/cmhales/vtol_ctrl_ros2/log) by extension 'ignore'
[0.635s] Level 1:colcon.colcon_core.package_identification:_identify(/home/cmhales/vtol_ctrl_ros2/log) ignored
[0.635s] Level 1:colcon.colcon_core.package_identification:_identify(/home/cmhales/vtol_ctrl_ros2/src) by extensions ['ignore', 'ignore_ament_install']
[0.635s] Level 1:colcon.colcon_core.package_identification:_identify(/home/cmhales/vtol_ctrl_ros2/src) by extension 'ignore'
[0.636s] Level 1:colcon.colcon_core.package_identification:_identify(/home/cmhales/vtol_ctrl_ros2/src) by extension 'ignore_ament_install'
[0.636s] Level 1:colcon.colcon_core.package_identification:_identify(/home/cmhales/vtol_ctrl_ros2/src) by extensions ['colcon_pkg']
[0.636s] Level 1:colcon.colcon_core.package_identification:_identify(/home/cmhales/vtol_ctrl_ros2/src) by extension 'colcon_pkg'
[0.636s] Level 1:colcon.colcon_core.package_identification:_identify(/home/cmhales/vtol_ctrl_ros2/src) by extensions ['colcon_meta']
[0.636s] Level 1:colcon.colcon_core.package_identification:_identify(/home/cmhales/vtol_ctrl_ros2/src) by extension 'colcon_meta'
[0.636s] Level 1:colcon.colcon_core.package_identification:_identify(/home/cmhales/vtol_ctrl_ros2/src) by extensions ['ros']
[0.636s] Level 1:colcon.colcon_core.package_identification:_identify(/home/cmhales/vtol_ctrl_ros2/src) by extension 'ros'
[0.636s] Level 1:colcon.colcon_core.package_identification:_identify(/home/cmhales/vtol_ctrl_ros2/src) by extensions ['cmake', 'python']
[0.636s] Level 1:colcon.colcon_core.package_identification:_identify(/home/cmhales/vtol_ctrl_ros2/src) by extension 'cmake'
[0.636s] Level 1:colcon.colcon_core.package_identification:_identify(/home/cmhales/vtol_ctrl_ros2/src) by extension 'python'
[0.636s] Level 1:colcon.colcon_core.package_identification:_identify(/home/cmhales/vtol_ctrl_ros2/src) by extensions ['python_setup_py']
[0.636s] Level 1:colcon.colcon_core.package_identification:_identify(/home/cmhales/vtol_ctrl_ros2/src) by extension 'python_setup_py'
[0.636s] Level 1:colcon.colcon_core.package_identification:_identify(/home/cmhales/vtol_ctrl_ros2/src/px4_msgs) by extensions ['ignore', 'ignore_ament_install']
[0.636s] Level 1:colcon.colcon_core.package_identification:_identify(/home/cmhales/vtol_ctrl_ros2/src/px4_msgs) by extension 'ignore'
[0.636s] Level 1:colcon.colcon_core.package_identification:_identify(/home/cmhales/vtol_ctrl_ros2/src/px4_msgs) by extension 'ignore_ament_install'
[0.636s] Level 1:colcon.colcon_core.package_identification:_identify(/home/cmhales/vtol_ctrl_ros2/src/px4_msgs) by extensions ['colcon_pkg']
[0.638s] Level 1:colcon.colcon_core.package_identification:_identify(/home/cmhales/vtol_ctrl_ros2/src/px4_msgs) by extension 'colcon_pkg'
[0.638s] Level 1:colcon.colcon_core.package_identification:_identify(/home/cmhales/vtol_ctrl_ros2/src/px4_msgs) by extensions ['colcon_meta']
[0.638s] Level 1:colcon.colcon_core.package_identification:_identify(/home/cmhales/vtol_ctrl_ros2/src/px4_msgs) by extension 'colcon_meta'
[0.638s] Level 1:colcon.colcon_core.package_identification:_identify(/home/cmhales/vtol_ctrl_ros2/src/px4_msgs) by extensions ['ros']
[0.638s] Level 1:colcon.colcon_core.package_identification:_identify(/home/cmhales/vtol_ctrl_ros2/src/px4_msgs) by extension 'ros'
[0.643s] DEBUG:colcon.colcon_core.package_identification:Package '/home/cmhales/vtol_ctrl_ros2/src/px4_msgs' with type 'ros.ament_cmake' and name 'px4_msgs'
[0.643s] Level 1:colcon.colcon_core.package_identification:_identify(/home/cmhales/vtol_ctrl_ros2/src/px4_ros_com) by extensions ['ignore', 'ignore_ament_install']
[0.644s] Level 1:colcon.colcon_core.package_identification:_identify(/home/cmhales/vtol_ctrl_ros2/src/px4_ros_com) by extension 'ignore'
[0.644s] Level 1:colcon.colcon_core.package_identification:_identify(/home/cmhales/vtol_ctrl_ros2/src/px4_ros_com) by extension 'ignore_ament_install'
[0.644s] Level 1:colcon.colcon_core.package_identification:_identify(/home/cmhales/vtol_ctrl_ros2/src/px4_ros_com) by extensions ['colcon_pkg']
[0.644s] Level 1:colcon.colcon_core.package_identification:_identify(/home/cmhales/vtol_ctrl_ros2/src/px4_ros_com) by extension 'colcon_pkg'
[0.644s] Level 1:colcon.colcon_core.package_identification:_identify(/home/cmhales/vtol_ctrl_ros2/src/px4_ros_com) by extensions ['colcon_meta']
[0.644s] Level 1:colcon.colcon_core.package_identification:_identify(/home/cmhales/vtol_ctrl_ros2/src/px4_ros_com) by extension 'colcon_meta'
[0.644s] Level 1:colcon.colcon_core.package_identification:_identify(/home/cmhales/vtol_ctrl_ros2/src/px4_ros_com) by extensions ['ros']
[0.644s] Level 1:colcon.colcon_core.package_identification:_identify(/home/cmhales/vtol_ctrl_ros2/src/px4_ros_com) by extension 'ros'
[0.646s] DEBUG:colcon.colcon_core.package_identification:Package '/home/cmhales/vtol_ctrl_ros2/src/px4_ros_com' with type 'ros.ament_cmake' and name 'px4_ros_com'
[0.647s] Level 1:colcon.colcon_core.package_identification:_identify(/home/cmhales/vtol_ctrl_ros2/src/ros2_px4_interface) by extensions ['ignore', 'ignore_ament_install']
[0.647s] Level 1:colcon.colcon_core.package_identification:_identify(/home/cmhales/vtol_ctrl_ros2/src/ros2_px4_interface) by extension 'ignore'
[0.647s] Level 1:colcon.colcon_core.package_identification:_identify(/home/cmhales/vtol_ctrl_ros2/src/ros2_px4_interface) by extension 'ignore_ament_install'
[0.647s] Level 1:colcon.colcon_core.package_identification:_identify(/home/cmhales/vtol_ctrl_ros2/src/ros2_px4_interface) by extensions ['colcon_pkg']
[0.647s] Level 1:colcon.colcon_core.package_identification:_identify(/home/cmhales/vtol_ctrl_ros2/src/ros2_px4_interface) by extension 'colcon_pkg'
[0.647s] Level 1:colcon.colcon_core.package_identification:_identify(/home/cmhales/vtol_ctrl_ros2/src/ros2_px4_interface) by extensions ['colcon_meta']
[0.647s] Level 1:colcon.colcon_core.package_identification:_identify(/home/cmhales/vtol_ctrl_ros2/src/ros2_px4_interface) by extension 'colcon_meta'
[0.647s] Level 1:colcon.colcon_core.package_identification:_identify(/home/cmhales/vtol_ctrl_ros2/src/ros2_px4_interface) by extensions ['ros']
[0.647s] Level 1:colcon.colcon_core.package_identification:_identify(/home/cmhales/vtol_ctrl_ros2/src/ros2_px4_interface) by extension 'ros'
[0.649s] DEBUG:colcon.colcon_core.package_identification:Package '/home/cmhales/vtol_ctrl_ros2/src/ros2_px4_interface' with type 'ros.ament_python' and name 'ros2_px4_interface'
[0.649s] Level 1:colcon.colcon_core.package_discovery:discover_packages(recursive) using defaults
