running egg_info
writing ../../build/ros2_px4_interface/ros2_px4_interface.egg-info/PKG-INFO
writing dependency_links to ../../build/ros2_px4_interface/ros2_px4_interface.egg-info/dependency_links.txt
writing requirements to ../../build/ros2_px4_interface/ros2_px4_interface.egg-info/requires.txt
writing top-level names to ../../build/ros2_px4_interface/ros2_px4_interface.egg-info/top_level.txt
reading manifest file '../../build/ros2_px4_interface/ros2_px4_interface.egg-info/SOURCES.txt'
writing manifest file '../../build/ros2_px4_interface/ros2_px4_interface.egg-info/SOURCES.txt'
running build
running build_py
copying ros2_px4_interface/__init__.py -> /home/cmhales/vtol_ctrl_ros2/build/ros2_px4_interface/build/lib/ros2_px4_interface
running install
running install_lib
running install_data
copying resource/ros2_px4_interface -> /home/cmhales/vtol_ctrl_ros2/install/ros2_px4_interface/share/ament_index/resource_index/packages
copying package.xml -> /home/cmhales/vtol_ctrl_ros2/install/ros2_px4_interface/share/ros2_px4_interface
running install_egg_info
removing '/home/cmhales/vtol_ctrl_ros2/install/ros2_px4_interface/lib/python3.10/site-packages/ros2_px4_interface-0.0.0-py3.10.egg-info' (and everything under it)
Copying ../../build/ros2_px4_interface/ros2_px4_interface.egg-info to /home/cmhales/vtol_ctrl_ros2/install/ros2_px4_interface/lib/python3.10/site-packages/ros2_px4_interface-0.0.0-py3.10.egg-info
running install_scripts
writing list of installed files to '/home/cmhales/vtol_ctrl_ros2/build/ros2_px4_interface/install.log'
