[0.776s] DEBUG:colcon:Command line arguments: ['/usr/bin/colcon', 'build', '--packages-select', 'ros2_px4_interface']
[0.776s] DEBUG:colcon:Parsed command line arguments: Namespace(log_base=None, log_level=None, verb_name='build', build_base='build', install_base='install', merge_install=False, symlink_install=False, test_result_base=None, continue_on_error=False, executor='parallel', parallel_workers=6, event_handlers=None, ignore_user_meta=False, metas=['./colcon.meta'], base_paths=['.'], packages_ignore=None, packages_ignore_regex=None, paths=None, packages_up_to=None, packages_up_to_regex=None, packages_above=None, packages_above_and_dependencies=None, packages_above_depth=None, packages_select_by_dep=None, packages_skip_by_dep=None, packages_skip_up_to=None, packages_select_build_failed=False, packages_skip_build_finished=False, packages_select_test_failures=False, packages_skip_test_passed=False, packages_select=['ros2_px4_interface'], packages_skip=None, packages_select_regex=None, packages_skip_regex=None, packages_start=None, packages_end=None, allow_overriding=[], cmake_args=None, cmake_target=None, cmake_target_skip_unavailable=False, cmake_clean_cache=False, cmake_clean_first=False, cmake_force_configure=False, ament_cmake_args=None, catkin_cmake_args=None, catkin_skip_building_tests=False, mixin_files=None, mixin=None, verb_parser=<colcon_mixin.mixin.mixin_argument.MixinArgumentDecorator object at 0x72c38393ead0>, verb_extension=<colcon_core.verb.build.BuildVerb object at 0x72c38393e560>, main=<bound method BuildVerb.main of <colcon_core.verb.build.BuildVerb object at 0x72c38393e560>>, mixin_verb=('build',))
[1.502s] Level 1:colcon.colcon_core.package_discovery:discover_packages(colcon_meta) check parameters
[1.503s] Level 1:colcon.colcon_core.package_discovery:discover_packages(recursive) check parameters
[1.504s] Level 1:colcon.colcon_core.package_discovery:discover_packages(ignore) check parameters
[1.504s] Level 1:colcon.colcon_core.package_discovery:discover_packages(path) check parameters
[1.504s] Level 1:colcon.colcon_core.package_discovery:discover_packages(colcon_meta) discover
[1.504s] Level 1:colcon.colcon_core.package_discovery:discover_packages(recursive) discover
[1.504s] INFO:colcon.colcon_core.package_discovery:Crawling recursively for packages in '/home/cmhales/vtol_ctrl_ros2'
[1.505s] Level 1:colcon.colcon_core.package_identification:_identify(.) by extensions ['ignore', 'ignore_ament_install']
[1.505s] Level 1:colcon.colcon_core.package_identification:_identify(.) by extension 'ignore'
[1.505s] Level 1:colcon.colcon_core.package_identification:_identify(.) by extension 'ignore_ament_install'
[1.505s] Level 1:colcon.colcon_core.package_identification:_identify(.) by extensions ['colcon_pkg']
[1.505s] Level 1:colcon.colcon_core.package_identification:_identify(.) by extension 'colcon_pkg'
[1.506s] Level 1:colcon.colcon_core.package_identification:_identify(.) by extensions ['colcon_meta']
[1.506s] Level 1:colcon.colcon_core.package_identification:_identify(.) by extension 'colcon_meta'
[1.506s] Level 1:colcon.colcon_core.package_identification:_identify(.) by extensions ['ros']
[1.506s] Level 1:colcon.colcon_core.package_identification:_identify(.) by extension 'ros'
[1.531s] Level 1:colcon.colcon_core.package_identification:_identify(.) by extensions ['cmake', 'python']
[1.531s] Level 1:colcon.colcon_core.package_identification:_identify(.) by extension 'cmake'
[1.531s] Level 1:colcon.colcon_core.package_identification:_identify(.) by extension 'python'
[1.531s] Level 1:colcon.colcon_core.package_identification:_identify(.) by extensions ['python_setup_py']
[1.532s] Level 1:colcon.colcon_core.package_identification:_identify(.) by extension 'python_setup_py'
[1.532s] Level 1:colcon.colcon_core.package_identification:_identify(build) by extensions ['ignore', 'ignore_ament_install']
[1.532s] Level 1:colcon.colcon_core.package_identification:_identify(build) by extension 'ignore'
[1.532s] Level 1:colcon.colcon_core.package_identification:_identify(build) ignored
[1.532s] Level 1:colcon.colcon_core.package_identification:_identify(install) by extensions ['ignore', 'ignore_ament_install']
[1.532s] Level 1:colcon.colcon_core.package_identification:_identify(install) by extension 'ignore'
[1.532s] Level 1:colcon.colcon_core.package_identification:_identify(install) ignored
[1.532s] Level 1:colcon.colcon_core.package_identification:_identify(log) by extensions ['ignore', 'ignore_ament_install']
[1.532s] Level 1:colcon.colcon_core.package_identification:_identify(log) by extension 'ignore'
[1.532s] Level 1:colcon.colcon_core.package_identification:_identify(log) ignored
[1.533s] Level 1:colcon.colcon_core.package_identification:_identify(src) by extensions ['ignore', 'ignore_ament_install']
[1.533s] Level 1:colcon.colcon_core.package_identification:_identify(src) by extension 'ignore'
[1.533s] Level 1:colcon.colcon_core.package_identification:_identify(src) by extension 'ignore_ament_install'
[1.533s] Level 1:colcon.colcon_core.package_identification:_identify(src) by extensions ['colcon_pkg']
[1.533s] Level 1:colcon.colcon_core.package_identification:_identify(src) by extension 'colcon_pkg'
[1.533s] Level 1:colcon.colcon_core.package_identification:_identify(src) by extensions ['colcon_meta']
[1.533s] Level 1:colcon.colcon_core.package_identification:_identify(src) by extension 'colcon_meta'
[1.533s] Level 1:colcon.colcon_core.package_identification:_identify(src) by extensions ['ros']
[1.533s] Level 1:colcon.colcon_core.package_identification:_identify(src) by extension 'ros'
[1.533s] Level 1:colcon.colcon_core.package_identification:_identify(src) by extensions ['cmake', 'python']
[1.533s] Level 1:colcon.colcon_core.package_identification:_identify(src) by extension 'cmake'
[1.533s] Level 1:colcon.colcon_core.package_identification:_identify(src) by extension 'python'
[1.533s] Level 1:colcon.colcon_core.package_identification:_identify(src) by extensions ['python_setup_py']
[1.533s] Level 1:colcon.colcon_core.package_identification:_identify(src) by extension 'python_setup_py'
[1.533s] Level 1:colcon.colcon_core.package_identification:_identify(src/px4_msgs) by extensions ['ignore', 'ignore_ament_install']
[1.533s] Level 1:colcon.colcon_core.package_identification:_identify(src/px4_msgs) by extension 'ignore'
[1.533s] Level 1:colcon.colcon_core.package_identification:_identify(src/px4_msgs) by extension 'ignore_ament_install'
[1.533s] Level 1:colcon.colcon_core.package_identification:_identify(src/px4_msgs) by extensions ['colcon_pkg']
[1.534s] Level 1:colcon.colcon_core.package_identification:_identify(src/px4_msgs) by extension 'colcon_pkg'
[1.534s] Level 1:colcon.colcon_core.package_identification:_identify(src/px4_msgs) by extensions ['colcon_meta']
[1.534s] Level 1:colcon.colcon_core.package_identification:_identify(src/px4_msgs) by extension 'colcon_meta'
[1.534s] Level 1:colcon.colcon_core.package_identification:_identify(src/px4_msgs) by extensions ['ros']
[1.534s] Level 1:colcon.colcon_core.package_identification:_identify(src/px4_msgs) by extension 'ros'
[1.537s] DEBUG:colcon.colcon_core.package_identification:Package 'src/px4_msgs' with type 'ros.ament_cmake' and name 'px4_msgs'
[1.538s] Level 1:colcon.colcon_core.package_identification:_identify(src/px4_ros_com) by extensions ['ignore', 'ignore_ament_install']
[1.538s] Level 1:colcon.colcon_core.package_identification:_identify(src/px4_ros_com) by extension 'ignore'
[1.538s] Level 1:colcon.colcon_core.package_identification:_identify(src/px4_ros_com) by extension 'ignore_ament_install'
[1.538s] Level 1:colcon.colcon_core.package_identification:_identify(src/px4_ros_com) by extensions ['colcon_pkg']
[1.538s] Level 1:colcon.colcon_core.package_identification:_identify(src/px4_ros_com) by extension 'colcon_pkg'
[1.538s] Level 1:colcon.colcon_core.package_identification:_identify(src/px4_ros_com) by extensions ['colcon_meta']
[1.538s] Level 1:colcon.colcon_core.package_identification:_identify(src/px4_ros_com) by extension 'colcon_meta'
[1.538s] Level 1:colcon.colcon_core.package_identification:_identify(src/px4_ros_com) by extensions ['ros']
[1.538s] Level 1:colcon.colcon_core.package_identification:_identify(src/px4_ros_com) by extension 'ros'
[1.543s] DEBUG:colcon.colcon_core.package_identification:Package 'src/px4_ros_com' with type 'ros.ament_cmake' and name 'px4_ros_com'
[1.544s] Level 1:colcon.colcon_core.package_identification:_identify(src/ros2_px4_interface) by extensions ['ignore', 'ignore_ament_install']
[1.544s] Level 1:colcon.colcon_core.package_identification:_identify(src/ros2_px4_interface) by extension 'ignore'
[1.545s] Level 1:colcon.colcon_core.package_identification:_identify(src/ros2_px4_interface) by extension 'ignore_ament_install'
[1.545s] Level 1:colcon.colcon_core.package_identification:_identify(src/ros2_px4_interface) by extensions ['colcon_pkg']
[1.545s] Level 1:colcon.colcon_core.package_identification:_identify(src/ros2_px4_interface) by extension 'colcon_pkg'
[1.545s] Level 1:colcon.colcon_core.package_identification:_identify(src/ros2_px4_interface) by extensions ['colcon_meta']
[1.545s] Level 1:colcon.colcon_core.package_identification:_identify(src/ros2_px4_interface) by extension 'colcon_meta'
[1.545s] Level 1:colcon.colcon_core.package_identification:_identify(src/ros2_px4_interface) by extensions ['ros']
[1.545s] Level 1:colcon.colcon_core.package_identification:_identify(src/ros2_px4_interface) by extension 'ros'
[1.546s] DEBUG:colcon.colcon_core.package_identification:Package 'src/ros2_px4_interface' with type 'ros.ament_python' and name 'ros2_px4_interface'
[1.546s] Level 1:colcon.colcon_core.package_discovery:discover_packages(recursive) using defaults
[1.546s] Level 1:colcon.colcon_core.package_discovery:discover_packages(ignore) discover
[1.546s] Level 1:colcon.colcon_core.package_discovery:discover_packages(ignore) using defaults
[1.546s] Level 1:colcon.colcon_core.package_discovery:discover_packages(path) discover
[1.546s] Level 1:colcon.colcon_core.package_discovery:discover_packages(path) using defaults
[1.603s] INFO:colcon.colcon_core.package_selection:Skipping not selected package 'px4_msgs' in 'src/px4_msgs'
[1.604s] INFO:colcon.colcon_core.package_selection:Skipping not selected package 'px4_ros_com' in 'src/px4_ros_com'
[1.605s] Level 1:colcon.colcon_core.package_discovery:discover_packages(prefix_path) check parameters
[1.605s] Level 1:colcon.colcon_core.package_discovery:discover_packages(prefix_path) discover
[1.610s] DEBUG:colcon.colcon_installed_package_information.package_discovery:Found 3 installed packages in /home/cmhales/vtol_ctrl_ros2/install
[1.615s] DEBUG:colcon.colcon_installed_package_information.package_discovery:Found 270 installed packages in /opt/ros/humble
[1.617s] Level 1:colcon.colcon_core.package_discovery:discover_packages(prefix_path) using defaults
[1.801s] Level 5:colcon.colcon_core.verb:set package 'ros2_px4_interface' build argument 'cmake_args' from command line to 'None'
[1.802s] Level 5:colcon.colcon_core.verb:set package 'ros2_px4_interface' build argument 'cmake_target' from command line to 'None'
[1.802s] Level 5:colcon.colcon_core.verb:set package 'ros2_px4_interface' build argument 'cmake_target_skip_unavailable' from command line to 'False'
[1.802s] Level 5:colcon.colcon_core.verb:set package 'ros2_px4_interface' build argument 'cmake_clean_cache' from command line to 'False'
[1.802s] Level 5:colcon.colcon_core.verb:set package 'ros2_px4_interface' build argument 'cmake_clean_first' from command line to 'False'
[1.803s] Level 5:colcon.colcon_core.verb:set package 'ros2_px4_interface' build argument 'cmake_force_configure' from command line to 'False'
[1.803s] Level 5:colcon.colcon_core.verb:set package 'ros2_px4_interface' build argument 'ament_cmake_args' from command line to 'None'
[1.803s] Level 5:colcon.colcon_core.verb:set package 'ros2_px4_interface' build argument 'catkin_cmake_args' from command line to 'None'
[1.803s] Level 5:colcon.colcon_core.verb:set package 'ros2_px4_interface' build argument 'catkin_skip_building_tests' from command line to 'False'
[1.803s] DEBUG:colcon.colcon_core.verb:Building package 'ros2_px4_interface' with the following arguments: {'ament_cmake_args': None, 'build_base': '/home/cmhales/vtol_ctrl_ros2/build/ros2_px4_interface', 'catkin_cmake_args': None, 'catkin_skip_building_tests': False, 'cmake_args': None, 'cmake_clean_cache': False, 'cmake_clean_first': False, 'cmake_force_configure': False, 'cmake_target': None, 'cmake_target_skip_unavailable': False, 'install_base': '/home/cmhales/vtol_ctrl_ros2/install/ros2_px4_interface', 'merge_install': False, 'path': '/home/cmhales/vtol_ctrl_ros2/src/ros2_px4_interface', 'symlink_install': False, 'test_result_base': None}
[1.804s] INFO:colcon.colcon_core.executor:Executing jobs using 'parallel' executor
[1.805s] DEBUG:colcon.colcon_parallel_executor.executor.parallel:run_until_complete
[1.806s] INFO:colcon.colcon_ros.task.ament_python.build:Building ROS package in '/home/cmhales/vtol_ctrl_ros2/src/ros2_px4_interface' with build type 'ament_python'
[1.806s] Level 1:colcon.colcon_core.shell:create_environment_hook('ros2_px4_interface', 'ament_prefix_path')
[1.814s] INFO:colcon.colcon_core.plugin_system:Skipping extension 'colcon_core.shell.bat': Not used on non-Windows systems
[1.815s] INFO:colcon.colcon_core.shell:Creating environment hook '/home/cmhales/vtol_ctrl_ros2/install/ros2_px4_interface/share/ros2_px4_interface/hook/ament_prefix_path.ps1'
[1.817s] INFO:colcon.colcon_core.shell:Creating environment descriptor '/home/cmhales/vtol_ctrl_ros2/install/ros2_px4_interface/share/ros2_px4_interface/hook/ament_prefix_path.dsv'
[1.820s] INFO:colcon.colcon_core.shell:Creating environment hook '/home/cmhales/vtol_ctrl_ros2/install/ros2_px4_interface/share/ros2_px4_interface/hook/ament_prefix_path.sh'
[1.826s] INFO:colcon.colcon_core.shell:Skip shell extension 'powershell' for command environment: Not usable outside of PowerShell
[1.826s] DEBUG:colcon.colcon_core.shell:Skip shell extension 'dsv' for command environment
[2.759s] INFO:colcon.colcon_core.task.python.build:Building Python package in '/home/cmhales/vtol_ctrl_ros2/src/ros2_px4_interface'
[2.760s] INFO:colcon.colcon_core.shell:Skip shell extension 'powershell' for command environment: Not usable outside of PowerShell
[2.760s] DEBUG:colcon.colcon_core.shell:Skip shell extension 'dsv' for command environment
[4.191s] DEBUG:colcon.colcon_core.event_handler.log_command:Invoking command in '/home/cmhales/vtol_ctrl_ros2/src/ros2_px4_interface': PYTHONPATH=/home/cmhales/vtol_ctrl_ros2/build/ros2_px4_interface/prefix_override:/usr/lib/python3/dist-packages/colcon_core/task/python/colcon_distutils_commands:/home/cmhales/vtol_ctrl_ros2/install/ros2_px4_interface/lib/python3.10/site-packages:${PYTHONPATH} /usr/bin/python3 -W ignore:setup.py install is deprecated setup.py egg_info --egg-base ../../build/ros2_px4_interface build --build-base /home/cmhales/vtol_ctrl_ros2/build/ros2_px4_interface/build install --record /home/cmhales/vtol_ctrl_ros2/build/ros2_px4_interface/install.log --single-version-externally-managed install_data
[5.431s] DEBUG:colcon.colcon_core.event_handler.log_command:Invoked command in '/home/cmhales/vtol_ctrl_ros2/src/ros2_px4_interface' returned '0': PYTHONPATH=/home/cmhales/vtol_ctrl_ros2/build/ros2_px4_interface/prefix_override:/usr/lib/python3/dist-packages/colcon_core/task/python/colcon_distutils_commands:/home/cmhales/vtol_ctrl_ros2/install/ros2_px4_interface/lib/python3.10/site-packages:${PYTHONPATH} /usr/bin/python3 -W ignore:setup.py install is deprecated setup.py egg_info --egg-base ../../build/ros2_px4_interface build --build-base /home/cmhales/vtol_ctrl_ros2/build/ros2_px4_interface/build install --record /home/cmhales/vtol_ctrl_ros2/build/ros2_px4_interface/install.log --single-version-externally-managed install_data
[5.459s] Level 1:colcon.colcon_core.environment:checking '/home/cmhales/vtol_ctrl_ros2/install/ros2_px4_interface' for CMake module files
[5.462s] Level 1:colcon.colcon_core.environment:checking '/home/cmhales/vtol_ctrl_ros2/install/ros2_px4_interface' for CMake config files
[5.465s] Level 1:colcon.colcon_core.environment:checking '/home/cmhales/vtol_ctrl_ros2/install/ros2_px4_interface/lib'
[5.467s] Level 1:colcon.colcon_core.environment:checking '/home/cmhales/vtol_ctrl_ros2/install/ros2_px4_interface/bin'
[5.469s] Level 1:colcon.colcon_core.environment:checking '/home/cmhales/vtol_ctrl_ros2/install/ros2_px4_interface/lib/pkgconfig/ros2_px4_interface.pc'
[5.471s] Level 1:colcon.colcon_core.environment:checking '/home/cmhales/vtol_ctrl_ros2/install/ros2_px4_interface/lib/python3.10/site-packages'
[5.473s] Level 1:colcon.colcon_core.shell:create_environment_hook('ros2_px4_interface', 'pythonpath')
[5.481s] INFO:colcon.colcon_core.shell:Creating environment hook '/home/cmhales/vtol_ctrl_ros2/install/ros2_px4_interface/share/ros2_px4_interface/hook/pythonpath.ps1'
[5.486s] INFO:colcon.colcon_core.shell:Creating environment descriptor '/home/cmhales/vtol_ctrl_ros2/install/ros2_px4_interface/share/ros2_px4_interface/hook/pythonpath.dsv'
[5.492s] INFO:colcon.colcon_core.shell:Creating environment hook '/home/cmhales/vtol_ctrl_ros2/install/ros2_px4_interface/share/ros2_px4_interface/hook/pythonpath.sh'
[5.501s] Level 1:colcon.colcon_core.environment:checking '/home/cmhales/vtol_ctrl_ros2/install/ros2_px4_interface/bin'
[5.502s] Level 1:colcon.colcon_core.environment:create_environment_scripts_only(ros2_px4_interface)
[5.505s] INFO:colcon.colcon_core.shell:Creating package script '/home/cmhales/vtol_ctrl_ros2/install/ros2_px4_interface/share/ros2_px4_interface/package.ps1'
[5.514s] INFO:colcon.colcon_core.shell:Creating package descriptor '/home/cmhales/vtol_ctrl_ros2/install/ros2_px4_interface/share/ros2_px4_interface/package.dsv'
[5.516s] INFO:colcon.colcon_core.shell:Creating package script '/home/cmhales/vtol_ctrl_ros2/install/ros2_px4_interface/share/ros2_px4_interface/package.sh'
[5.520s] INFO:colcon.colcon_core.shell:Creating package script '/home/cmhales/vtol_ctrl_ros2/install/ros2_px4_interface/share/ros2_px4_interface/package.bash'
[5.526s] INFO:colcon.colcon_core.shell:Creating package script '/home/cmhales/vtol_ctrl_ros2/install/ros2_px4_interface/share/ros2_px4_interface/package.zsh'
[5.531s] Level 1:colcon.colcon_core.environment:create_file_with_runtime_dependencies(/home/cmhales/vtol_ctrl_ros2/install/ros2_px4_interface/share/colcon-core/packages/ros2_px4_interface)
[5.538s] DEBUG:colcon.colcon_parallel_executor.executor.parallel:closing loop
[5.539s] DEBUG:colcon.colcon_parallel_executor.executor.parallel:loop closed
[5.539s] DEBUG:colcon.colcon_parallel_executor.executor.parallel:run_until_complete finished with '0'
[5.540s] DEBUG:colcon.colcon_core.event_reactor:joining thread
[5.606s] INFO:colcon.colcon_core.plugin_system:Skipping extension 'colcon_notification.desktop_notification.terminal_notifier': Not used on non-Darwin systems
[5.606s] INFO:colcon.colcon_core.plugin_system:Skipping extension 'colcon_notification.desktop_notification.win32': Not used on non-Windows systems
[5.607s] INFO:colcon.colcon_notification.desktop_notification:Sending desktop notification using 'notify2'
[5.677s] DEBUG:colcon.colcon_core.event_reactor:joined thread
[5.678s] INFO:colcon.colcon_core.shell:Creating prefix script '/home/cmhales/vtol_ctrl_ros2/install/local_setup.ps1'
[5.679s] INFO:colcon.colcon_core.shell:Creating prefix util module '/home/cmhales/vtol_ctrl_ros2/install/_local_setup_util_ps1.py'
[5.680s] INFO:colcon.colcon_core.shell:Creating prefix chain script '/home/cmhales/vtol_ctrl_ros2/install/setup.ps1'
[5.682s] INFO:colcon.colcon_core.shell:Creating prefix script '/home/cmhales/vtol_ctrl_ros2/install/local_setup.sh'
[5.684s] INFO:colcon.colcon_core.shell:Creating prefix util module '/home/cmhales/vtol_ctrl_ros2/install/_local_setup_util_sh.py'
[5.689s] INFO:colcon.colcon_core.shell:Creating prefix chain script '/home/cmhales/vtol_ctrl_ros2/install/setup.sh'
[5.694s] INFO:colcon.colcon_core.shell:Creating prefix script '/home/cmhales/vtol_ctrl_ros2/install/local_setup.bash'
[5.694s] INFO:colcon.colcon_core.shell:Creating prefix chain script '/home/cmhales/vtol_ctrl_ros2/install/setup.bash'
[5.697s] INFO:colcon.colcon_core.shell:Creating prefix script '/home/cmhales/vtol_ctrl_ros2/install/local_setup.zsh'
[5.703s] INFO:colcon.colcon_core.shell:Creating prefix chain script '/home/cmhales/vtol_ctrl_ros2/install/setup.zsh'
