[0.889s] Invoking command in '/home/cmhales/vtol_ctrl_ros2/src/ros2_px4_interface': PYTHONPATH=/home/cmhales/vtol_ctrl_ros2/build/ros2_px4_interface/prefix_override:/usr/lib/python3/dist-packages/colcon_core/task/python/colcon_distutils_commands:/home/cmhales/vtol_ctrl_ros2/install/ros2_px4_interface/lib/python3.10/site-packages:${PYTHONPATH} /usr/bin/python3 -W ignore:setup.py install is deprecated setup.py egg_info --egg-base ../../build/ros2_px4_interface build --build-base /home/cmhales/vtol_ctrl_ros2/build/ros2_px4_interface/build install --record /home/cmhales/vtol_ctrl_ros2/build/ros2_px4_interface/install.log --single-version-externally-managed install_data
[1.279s] running egg_info
[1.280s] writing ../../build/ros2_px4_interface/ros2_px4_interface.egg-info/PKG-INFO
[1.280s] writing dependency_links to ../../build/ros2_px4_interface/ros2_px4_interface.egg-info/dependency_links.txt
[1.280s] writing entry points to ../../build/ros2_px4_interface/ros2_px4_interface.egg-info/entry_points.txt
[1.281s] writing requirements to ../../build/ros2_px4_interface/ros2_px4_interface.egg-info/requires.txt
[1.281s] writing top-level names to ../../build/ros2_px4_interface/ros2_px4_interface.egg-info/top_level.txt
[1.282s] reading manifest file '../../build/ros2_px4_interface/ros2_px4_interface.egg-info/SOURCES.txt'
[1.283s] writing manifest file '../../build/ros2_px4_interface/ros2_px4_interface.egg-info/SOURCES.txt'
[1.284s] running build
[1.284s] running build_py
[1.284s] copying ros2_px4_interface/px4_data_gatherer.py -> /home/cmhales/vtol_ctrl_ros2/build/ros2_px4_interface/build/lib/ros2_px4_interface
[1.284s] running install
[1.284s] running install_lib
[1.285s] copying /home/cmhales/vtol_ctrl_ros2/build/ros2_px4_interface/build/lib/ros2_px4_interface/px4_data_gatherer.py -> /home/cmhales/vtol_ctrl_ros2/install/ros2_px4_interface/lib/python3.10/site-packages/ros2_px4_interface
[1.286s] byte-compiling /home/cmhales/vtol_ctrl_ros2/install/ros2_px4_interface/lib/python3.10/site-packages/ros2_px4_interface/px4_data_gatherer.py to px4_data_gatherer.cpython-310.pyc
[1.288s] running install_data
[1.289s] running install_egg_info
[1.292s] removing '/home/cmhales/vtol_ctrl_ros2/install/ros2_px4_interface/lib/python3.10/site-packages/ros2_px4_interface-0.0.0-py3.10.egg-info' (and everything under it)
[1.293s] Copying ../../build/ros2_px4_interface/ros2_px4_interface.egg-info to /home/cmhales/vtol_ctrl_ros2/install/ros2_px4_interface/lib/python3.10/site-packages/ros2_px4_interface-0.0.0-py3.10.egg-info
[1.294s] running install_scripts
[1.317s] Installing actuator_px4_control script to /home/cmhales/vtol_ctrl_ros2/install/ros2_px4_interface/lib/ros2_px4_interface
[1.317s] Installing offboard_test script to /home/cmhales/vtol_ctrl_ros2/install/ros2_px4_interface/lib/ros2_px4_interface
[1.317s] Installing px4_data_gatherer script to /home/cmhales/vtol_ctrl_ros2/install/ros2_px4_interface/lib/ros2_px4_interface
[1.317s] Installing ros2_px4_interface script to /home/cmhales/vtol_ctrl_ros2/install/ros2_px4_interface/lib/ros2_px4_interface
[1.318s] writing list of installed files to '/home/cmhales/vtol_ctrl_ros2/build/ros2_px4_interface/install.log'
[1.371s] Invoked command in '/home/cmhales/vtol_ctrl_ros2/src/ros2_px4_interface' returned '0': PYTHONPATH=/home/cmhales/vtol_ctrl_ros2/build/ros2_px4_interface/prefix_override:/usr/lib/python3/dist-packages/colcon_core/task/python/colcon_distutils_commands:/home/cmhales/vtol_ctrl_ros2/install/ros2_px4_interface/lib/python3.10/site-packages:${PYTHONPATH} /usr/bin/python3 -W ignore:setup.py install is deprecated setup.py egg_info --egg-base ../../build/ros2_px4_interface build --build-base /home/cmhales/vtol_ctrl_ros2/build/ros2_px4_interface/build install --record /home/cmhales/vtol_ctrl_ros2/build/ros2_px4_interface/install.log --single-version-externally-managed install_data
