/home/cmhales/vtol_ctrl_ros2/install/ros2_px4_interface/lib/python3.10/site-packages/ros2_px4_interface/ROS_MAVSIM_wrapper.py
/home/cmhales/vtol_ctrl_ros2/install/ros2_px4_interface/lib/python3.10/site-packages/ros2_px4_interface/__init__.py
/home/cmhales/vtol_ctrl_ros2/install/ros2_px4_interface/lib/python3.10/site-packages/ros2_px4_interface/USBDataGatherer.py
/home/cmhales/vtol_ctrl_ros2/install/ros2_px4_interface/lib/python3.10/site-packages/ros2_px4_interface/actuator_px4_control.py
/home/cmhales/vtol_ctrl_ros2/install/ros2_px4_interface/lib/python3.10/site-packages/ros2_px4_interface/OffBoardTest.py
/home/cmhales/vtol_ctrl_ros2/install/ros2_px4_interface/lib/python3.10/site-packages/ros2_px4_interface/px4_data_gatherer.py
/home/cmhales/vtol_ctrl_ros2/install/ros2_px4_interface/lib/python3.10/site-packages/ros2_px4_interface/px4_ros2_TEST.py
/home/cmhales/vtol_ctrl_ros2/install/ros2_px4_interface/lib/python3.10/site-packages/ros2_px4_interface/ros2_px4_interface.py
/home/cmhales/vtol_ctrl_ros2/install/ros2_px4_interface/lib/python3.10/site-packages/ros2_px4_interface/__pycache__/ROS_MAVSIM_wrapper.cpython-310.pyc
/home/cmhales/vtol_ctrl_ros2/install/ros2_px4_interface/lib/python3.10/site-packages/ros2_px4_interface/__pycache__/__init__.cpython-310.pyc
/home/cmhales/vtol_ctrl_ros2/install/ros2_px4_interface/lib/python3.10/site-packages/ros2_px4_interface/__pycache__/USBDataGatherer.cpython-310.pyc
/home/cmhales/vtol_ctrl_ros2/install/ros2_px4_interface/lib/python3.10/site-packages/ros2_px4_interface/__pycache__/actuator_px4_control.cpython-310.pyc
/home/cmhales/vtol_ctrl_ros2/install/ros2_px4_interface/lib/python3.10/site-packages/ros2_px4_interface/__pycache__/OffBoardTest.cpython-310.pyc
/home/cmhales/vtol_ctrl_ros2/install/ros2_px4_interface/lib/python3.10/site-packages/ros2_px4_interface/__pycache__/px4_data_gatherer.cpython-310.pyc
/home/cmhales/vtol_ctrl_ros2/install/ros2_px4_interface/lib/python3.10/site-packages/ros2_px4_interface/__pycache__/px4_ros2_TEST.cpython-310.pyc
/home/cmhales/vtol_ctrl_ros2/install/ros2_px4_interface/lib/python3.10/site-packages/ros2_px4_interface/__pycache__/ros2_px4_interface.cpython-310.pyc
/home/cmhales/vtol_ctrl_ros2/install/ros2_px4_interface/share/ament_index/resource_index/packages/ros2_px4_interface
/home/cmhales/vtol_ctrl_ros2/install/ros2_px4_interface/share/ros2_px4_interface/package.xml
/home/cmhales/vtol_ctrl_ros2/install/ros2_px4_interface/lib/python3.10/site-packages/ros2_px4_interface-0.0.0-py3.10.egg-info/dependency_links.txt
/home/cmhales/vtol_ctrl_ros2/install/ros2_px4_interface/lib/python3.10/site-packages/ros2_px4_interface-0.0.0-py3.10.egg-info/entry_points.txt
/home/cmhales/vtol_ctrl_ros2/install/ros2_px4_interface/lib/python3.10/site-packages/ros2_px4_interface-0.0.0-py3.10.egg-info/top_level.txt
/home/cmhales/vtol_ctrl_ros2/install/ros2_px4_interface/lib/python3.10/site-packages/ros2_px4_interface-0.0.0-py3.10.egg-info/requires.txt
/home/cmhales/vtol_ctrl_ros2/install/ros2_px4_interface/lib/python3.10/site-packages/ros2_px4_interface-0.0.0-py3.10.egg-info/SOURCES.txt
/home/cmhales/vtol_ctrl_ros2/install/ros2_px4_interface/lib/python3.10/site-packages/ros2_px4_interface-0.0.0-py3.10.egg-info/zip-safe
/home/cmhales/vtol_ctrl_ros2/install/ros2_px4_interface/lib/python3.10/site-packages/ros2_px4_interface-0.0.0-py3.10.egg-info/PKG-INFO
/home/cmhales/vtol_ctrl_ros2/install/ros2_px4_interface/lib/ros2_px4_interface/actuator_px4_control
/home/cmhales/vtol_ctrl_ros2/install/ros2_px4_interface/lib/ros2_px4_interface/offboard_test
/home/cmhales/vtol_ctrl_ros2/install/ros2_px4_interface/lib/ros2_px4_interface/px4_data_gatherer
/home/cmhales/vtol_ctrl_ros2/install/ros2_px4_interface/lib/ros2_px4_interface/px4_ros2_test
/home/cmhales/vtol_ctrl_ros2/install/ros2_px4_interface/lib/ros2_px4_interface/ros2_px4_interface
/home/cmhales/vtol_ctrl_ros2/install/ros2_px4_interface/lib/ros2_px4_interface/ros_mavsim_wrapper
/home/cmhales/vtol_ctrl_ros2/install/ros2_px4_interface/lib/ros2_px4_interface/usb_data_gatherer
