[0.013s] Invoking command in '/home/cmhales/vtol_ctrl_ros2/build/px4_ros2_cpp': CMAKE_PREFIX_PATH=/opt/ros/humble /usr/bin/cmake /home/cmhales/vtol_ctrl_ros2/src/px4-ros2-interface-lib/px4_ros2_cpp -DCMAKE_INSTALL_PREFIX=/home/cmhales/vtol_ctrl_ros2/install/px4_ros2_cpp
[0.068s] -- The C compiler identification is GNU 11.4.0
[0.123s] -- The CXX compiler identification is GNU 11.4.0
[0.131s] -- Detecting C compiler ABI info
[0.201s] -- Detecting C compiler ABI info - done
[0.208s] -- Check for working C compiler: /usr/bin/cc - skipped
[0.208s] -- Detecting C compile features
[0.209s] -- Detecting C compile features - done
[0.212s] -- Detecting CXX compiler ABI info
[0.292s] -- Detecting CXX compiler ABI info - done
[0.299s] -- Check for working CXX compiler: /usr/bin/c++ - skipped
[0.300s] -- Detecting CXX compile features
[0.300s] -- Detecting CXX compile features - done
[0.303s] -- Found ament_cmake: 1.3.10 (/opt/ros/humble/share/ament_cmake/cmake)
[0.447s] -- Found Python3: /usr/bin/python3 (found version "3.10.12") found components: Interpreter 
[0.529s] -- Found ament_index_cpp: 1.4.0 (/opt/ros/humble/share/ament_index_cpp/cmake)
[0.531s] -- Found rclcpp: 16.0.10 (/opt/ros/humble/share/rclcpp/cmake)
[0.584s] -- Found rosidl_generator_c: 3.1.5 (/opt/ros/humble/share/rosidl_generator_c/cmake)
[0.590s] -- Found rosidl_adapter: 3.1.5 (/opt/ros/humble/share/rosidl_adapter/cmake)
[0.602s] -- Found rosidl_generator_cpp: 3.1.5 (/opt/ros/humble/share/rosidl_generator_cpp/cmake)
[0.619s] -- Using all available rosidl_typesupport_c: rosidl_typesupport_fastrtps_c;rosidl_typesupport_introspection_c
[0.639s] -- Using all available rosidl_typesupport_cpp: rosidl_typesupport_fastrtps_cpp;rosidl_typesupport_introspection_cpp
[0.696s] -- Found rmw_implementation_cmake: 6.1.2 (/opt/ros/humble/share/rmw_implementation_cmake/cmake)
[0.700s] -- Found rmw_fastrtps_cpp: 6.2.7 (/opt/ros/humble/share/rmw_fastrtps_cpp/cmake)
[0.798s] -- Found OpenSSL: /usr/lib/x86_64-linux-gnu/libcrypto.so (found version "3.0.2")  
[0.827s] -- Found FastRTPS: /opt/ros/humble/include  
[0.872s] -- Using RMW implementation 'rmw_fastrtps_cpp' as default
[0.883s] -- Looking for pthread.h
[0.965s] -- Looking for pthread.h - found
[0.965s] -- Performing Test CMAKE_HAVE_LIBC_PTHREAD
[1.049s] -- Performing Test CMAKE_HAVE_LIBC_PTHREAD - Success
[1.050s] -- Found Threads: TRUE  
[1.124s] [31mCMake Error at CMakeLists.txt:20 (find_package):
[1.124s]   By not providing "Findpx4_msgs.cmake" in CMAKE_MODULE_PATH this project has
[1.124s]   asked CMake to find a package configuration file provided by "px4_msgs",
[1.124s]   but CMake did not find one.
[1.124s] 
[1.124s]   Could not find a package configuration file provided by "px4_msgs" with any
[1.124s]   of the following names:
[1.124s] 
[1.124s]     px4_msgsConfig.cmake
[1.124s]     px4_msgs-config.cmake
[1.125s] 
[1.125s]   Add the installation prefix of "px4_msgs" to CMAKE_PREFIX_PATH or set
[1.125s]   "px4_msgs_DIR" to a directory containing one of the above files.  If
[1.125s]   "px4_msgs" provides a separate development package or SDK, be sure it has
[1.125s]   been installed.
[1.125s] 
[1.125s] [0m
[1.125s] -- Configuring incomplete, errors occurred!
[1.125s] See also "/home/cmhales/vtol_ctrl_ros2/build/px4_ros2_cpp/CMakeFiles/CMakeOutput.log".
[1.134s] Invoked command in '/home/cmhales/vtol_ctrl_ros2/build/px4_ros2_cpp' returned '1': CMAKE_PREFIX_PATH=/opt/ros/humble /usr/bin/cmake /home/cmhales/vtol_ctrl_ros2/src/px4-ros2-interface-lib/px4_ros2_cpp -DCMAKE_INSTALL_PREFIX=/home/cmhales/vtol_ctrl_ros2/install/px4_ros2_cpp
