[0.016s] Invoking command in '/home/cmhales/vtol_ctrl_ros2/build/px4_ros_com': CMAKE_PREFIX_PATH=/home/cmhales/vtol_ctrl_ros2/install/px4_msgs:/home/cmhales/vtol_ctrl_ros2/install/example_mode_with_executor_cpp:/home/cmhales/vtol_ctrl_ros2/install/example_mode_rtl_replacement_cpp:/home/cmhales/vtol_ctrl_ros2/install/example_mode_manual_cpp:/home/cmhales/vtol_ctrl_ros2/install/example_mode_goto_global_cpp:/home/cmhales/vtol_ctrl_ros2/install/example_mode_goto_cpp:/home/cmhales/vtol_ctrl_ros2/install/example_mode_fw_attitude_cpp:/home/cmhales/vtol_ctrl_ros2/install/example_local_navigation_cpp:/home/cmhales/vtol_ctrl_ros2/install/example_global_navigation_cpp:/home/cmhales/vtol_ctrl_ros2/install/px4_ros2_cpp:/home/cmhales/vtol_ctrl_ros2/install/px4_ros_com:/home/cmhales/vtol_ctrl_ros2/install/ros2_px4_interface:/opt/ros/humble LD_LIBRARY_PATH=/home/cmhales/vtol_ctrl_ros2/install/px4_msgs/lib:/home/cmhales/vtol_ctrl_ros2/install/px4_ros2_cpp/lib:/home/cmhales/vtol_ctrl_ros2/install/px4_ros_com/lib:/opt/ros/humble/opt/rviz_ogre_vendor/lib:/opt/ros/humble/lib/x86_64-linux-gnu:/opt/ros/humble/lib /usr/bin/cmake --build /home/cmhales/vtol_ctrl_ros2/build/px4_ros_com -- -j6 -l6
[0.047s] -- Found ament_cmake: 1.3.10 (/opt/ros/humble/share/ament_cmake/cmake)
[0.174s] -- Found builtin_interfaces: 1.2.1 (/opt/ros/humble/share/builtin_interfaces/cmake)
[0.198s] -- Found rosidl_generator_c: 3.1.5 (/opt/ros/humble/share/rosidl_generator_c/cmake)
[0.200s] -- Found rosidl_adapter: 3.1.5 (/opt/ros/humble/share/rosidl_adapter/cmake)
[0.206s] -- Found rosidl_generator_cpp: 3.1.5 (/opt/ros/humble/share/rosidl_generator_cpp/cmake)
[0.216s] -- Using all available rosidl_typesupport_c: rosidl_typesupport_fastrtps_c;rosidl_typesupport_introspection_c
[0.230s] -- Using all available rosidl_typesupport_cpp: rosidl_typesupport_fastrtps_cpp;rosidl_typesupport_introspection_cpp
[0.242s] -- Found eigen3_cmake_module: 0.1.1 (/opt/ros/humble/share/eigen3_cmake_module/cmake)
[0.244s] -- Found geometry_msgs: 4.2.4 (/opt/ros/humble/share/geometry_msgs/cmake)
[0.272s] -- Found px4_msgs: 2.0.1 (/home/cmhales/vtol_ctrl_ros2/install/px4_msgs/share/px4_msgs/cmake)
[0.283s] -- Found rclcpp: 16.0.10 (/opt/ros/humble/share/rclcpp/cmake)
[0.310s] -- Found rmw_implementation_cmake: 6.1.2 (/opt/ros/humble/share/rmw_implementation_cmake/cmake)
[0.312s] -- Found rmw_fastrtps_cpp: 6.2.7 (/opt/ros/humble/share/rmw_fastrtps_cpp/cmake)
[0.429s] -- Using RMW implementation 'rmw_fastrtps_cpp' as default
[0.467s] -- Found sensor_msgs: 4.2.4 (/opt/ros/humble/share/sensor_msgs/cmake)
[0.488s] -- Found rclpy: 3.3.14 (/opt/ros/humble/share/rclpy/cmake)
[0.497s] -- Found ament_lint_auto: 0.12.11 (/opt/ros/humble/share/ament_lint_auto/cmake)
[0.576s] -- Added test 'copyright' to check source files copyright and LICENSE
[0.583s] -- Added test 'cppcheck' to perform static code analysis on C / C++ code
[0.583s] -- Configured cppcheck include dirs: /home/cmhales/vtol_ctrl_ros2/src/px4_ros_com/include;$<BUILD_INTERFACE:/home/cmhales/vtol_ctrl_ros2/src/px4_ros_com/include/px4_ros_com>
[0.583s] -- Configured cppcheck exclude dirs and/or files: 
[0.590s] -- Added test 'cpplint' to check C / C++ code against the Google style
[0.590s] -- Configured cpplint exclude dirs and/or files: 
[0.591s] -- Added test 'flake8' to check Python code syntax and style conventions
[0.593s] -- Added test 'lint_cmake' to check CMake code style
[0.594s] -- Added test 'pep257' to check Python code against some of the docstring style conventions in PEP 257
[0.601s] -- Added test 'uncrustify' to check C / C++ code style
[0.601s] -- Configured uncrustify additional arguments: 
[0.602s] -- Added test 'xmllint' to check XML markup files
[0.605s] -- Configuring done
[0.642s] -- Generating done
[0.644s] -- Build files have been written to: /home/cmhales/vtol_ctrl_ros2/build/px4_ros_com
[0.673s] [35m[1mConsolidate compiler generated dependencies of target frame_transforms[0m
[0.679s] [35m[1mConsolidate compiler generated dependencies of target sensor_combined_listener[0m
[0.680s] [35m[1mConsolidate compiler generated dependencies of target vehicle_gps_position_listener[0m
[0.680s] [35m[1mConsolidate compiler generated dependencies of target offboard_control_srv[0m
[0.681s] [35m[1mConsolidate compiler generated dependencies of target offboard_control[0m
[0.685s] [35m[1mConsolidate compiler generated dependencies of target debug_vect_advertiser[0m
[0.715s] [ 16%] [32mBuilding CXX object CMakeFiles/offboard_control.dir/src/examples/offboard/offboard_control.cpp.o[0m
[0.716s] [ 16%] [32mBuilding CXX object CMakeFiles/frame_transforms.dir/src/lib/frame_transforms.cpp.o[0m
[0.720s] [ 25%] [32mBuilding CXX object CMakeFiles/vehicle_gps_position_listener.dir/src/examples/listeners/vehicle_gps_position_listener.cpp.o[0m
[0.721s] [ 33%] [32mBuilding CXX object CMakeFiles/offboard_control_srv.dir/src/examples/offboard/offboard_control_srv.cpp.o[0m
[0.728s] [ 41%] [32mBuilding CXX object CMakeFiles/debug_vect_advertiser.dir/src/examples/advertisers/debug_vect_advertiser.cpp.o[0m
[0.730s] [ 50%] [32mBuilding CXX object CMakeFiles/sensor_combined_listener.dir/src/examples/listeners/sensor_combined_listener.cpp.o[0m
[7.542s] [ 58%] [32m[1mLinking CXX executable debug_vect_advertiser[0m
[8.312s] [ 58%] Built target debug_vect_advertiser
[8.380s] [ 58%] Built target ament_cmake_python_copy_px4_ros_com
[8.719s] [ 66%] [32m[1mLinking CXX executable offboard_control[0m
[9.135s] [ 75%] [32m[1mLinking CXX executable offboard_control_srv[0m
[9.351s] [ 75%] Built target offboard_control
[9.462s] running egg_info
[9.467s] writing px4_ros_com.egg-info/PKG-INFO
[9.468s] writing dependency_links to px4_ros_com.egg-info/dependency_links.txt
[9.470s] writing top-level names to px4_ros_com.egg-info/top_level.txt
[9.478s] reading manifest file 'px4_ros_com.egg-info/SOURCES.txt'
[9.481s] writing manifest file 'px4_ros_com.egg-info/SOURCES.txt'
[9.532s] [ 75%] Built target ament_cmake_python_build_px4_ros_com_egg
[9.599s] [ 75%] Built target offboard_control_srv
[10.959s] [ 83%] [32m[1mLinking CXX shared library libframe_transforms.so[0m
[11.441s] [ 83%] Built target frame_transforms
[11.631s] [ 91%] [32m[1mLinking CXX executable sensor_combined_listener[0m
[12.054s] [ 91%] Built target sensor_combined_listener
[12.088s] [100%] [32m[1mLinking CXX executable vehicle_gps_position_listener[0m
[12.485s] [100%] Built target vehicle_gps_position_listener
[12.499s] Invoked command in '/home/cmhales/vtol_ctrl_ros2/build/px4_ros_com' returned '0': CMAKE_PREFIX_PATH=/home/cmhales/vtol_ctrl_ros2/install/px4_msgs:/home/cmhales/vtol_ctrl_ros2/install/example_mode_with_executor_cpp:/home/cmhales/vtol_ctrl_ros2/install/example_mode_rtl_replacement_cpp:/home/cmhales/vtol_ctrl_ros2/install/example_mode_manual_cpp:/home/cmhales/vtol_ctrl_ros2/install/example_mode_goto_global_cpp:/home/cmhales/vtol_ctrl_ros2/install/example_mode_goto_cpp:/home/cmhales/vtol_ctrl_ros2/install/example_mode_fw_attitude_cpp:/home/cmhales/vtol_ctrl_ros2/install/example_local_navigation_cpp:/home/cmhales/vtol_ctrl_ros2/install/example_global_navigation_cpp:/home/cmhales/vtol_ctrl_ros2/install/px4_ros2_cpp:/home/cmhales/vtol_ctrl_ros2/install/px4_ros_com:/home/cmhales/vtol_ctrl_ros2/install/ros2_px4_interface:/opt/ros/humble LD_LIBRARY_PATH=/home/cmhales/vtol_ctrl_ros2/install/px4_msgs/lib:/home/cmhales/vtol_ctrl_ros2/install/px4_ros2_cpp/lib:/home/cmhales/vtol_ctrl_ros2/install/px4_ros_com/lib:/opt/ros/humble/opt/rviz_ogre_vendor/lib:/opt/ros/humble/lib/x86_64-linux-gnu:/opt/ros/humble/lib /usr/bin/cmake --build /home/cmhales/vtol_ctrl_ros2/build/px4_ros_com -- -j6 -l6
[12.561s] Invoking command in '/home/cmhales/vtol_ctrl_ros2/build/px4_ros_com': CMAKE_PREFIX_PATH=/home/cmhales/vtol_ctrl_ros2/install/px4_msgs:/home/cmhales/vtol_ctrl_ros2/install/example_mode_with_executor_cpp:/home/cmhales/vtol_ctrl_ros2/install/example_mode_rtl_replacement_cpp:/home/cmhales/vtol_ctrl_ros2/install/example_mode_manual_cpp:/home/cmhales/vtol_ctrl_ros2/install/example_mode_goto_global_cpp:/home/cmhales/vtol_ctrl_ros2/install/example_mode_goto_cpp:/home/cmhales/vtol_ctrl_ros2/install/example_mode_fw_attitude_cpp:/home/cmhales/vtol_ctrl_ros2/install/example_local_navigation_cpp:/home/cmhales/vtol_ctrl_ros2/install/example_global_navigation_cpp:/home/cmhales/vtol_ctrl_ros2/install/px4_ros2_cpp:/home/cmhales/vtol_ctrl_ros2/install/px4_ros_com:/home/cmhales/vtol_ctrl_ros2/install/ros2_px4_interface:/opt/ros/humble LD_LIBRARY_PATH=/home/cmhales/vtol_ctrl_ros2/install/px4_msgs/lib:/home/cmhales/vtol_ctrl_ros2/install/px4_ros2_cpp/lib:/home/cmhales/vtol_ctrl_ros2/install/px4_ros_com/lib:/opt/ros/humble/opt/rviz_ogre_vendor/lib:/opt/ros/humble/lib/x86_64-linux-gnu:/opt/ros/humble/lib /usr/bin/cmake --install /home/cmhales/vtol_ctrl_ros2/build/px4_ros_com
[12.570s] -- Install configuration: ""
[12.572s] -- Installing: /home/cmhales/vtol_ctrl_ros2/install/px4_ros_com/lib/px4_ros_com/sensor_combined_listener
[12.578s] -- Set runtime path of "/home/cmhales/vtol_ctrl_ros2/install/px4_ros_com/lib/px4_ros_com/sensor_combined_listener" to ""
[12.579s] -- Installing: /home/cmhales/vtol_ctrl_ros2/install/px4_ros_com/lib/px4_ros_com/vehicle_gps_position_listener
[12.584s] -- Set runtime path of "/home/cmhales/vtol_ctrl_ros2/install/px4_ros_com/lib/px4_ros_com/vehicle_gps_position_listener" to ""
[12.585s] -- Installing: /home/cmhales/vtol_ctrl_ros2/install/px4_ros_com/lib/px4_ros_com/debug_vect_advertiser
[12.588s] -- Set runtime path of "/home/cmhales/vtol_ctrl_ros2/install/px4_ros_com/lib/px4_ros_com/debug_vect_advertiser" to ""
[12.592s] -- Installing: /home/cmhales/vtol_ctrl_ros2/install/px4_ros_com/lib/px4_ros_com/offboard_control
[12.595s] -- Set runtime path of "/home/cmhales/vtol_ctrl_ros2/install/px4_ros_com/lib/px4_ros_com/offboard_control" to ""
[12.596s] -- Installing: /home/cmhales/vtol_ctrl_ros2/install/px4_ros_com/lib/px4_ros_com/offboard_control_srv
[12.599s] -- Set runtime path of "/home/cmhales/vtol_ctrl_ros2/install/px4_ros_com/lib/px4_ros_com/offboard_control_srv" to ""
[12.600s] -- Installing: /home/cmhales/vtol_ctrl_ros2/install/px4_ros_com/share/px4_ros_com/environment/library_path.sh
[12.601s] -- Installing: /home/cmhales/vtol_ctrl_ros2/install/px4_ros_com/share/px4_ros_com/environment/library_path.dsv
[12.601s] -- Up-to-date: /home/cmhales/vtol_ctrl_ros2/install/px4_ros_com/include/px4_ros_com
[12.601s] -- Installing: /home/cmhales/vtol_ctrl_ros2/install/px4_ros_com/include/px4_ros_com/frame_transforms.h
[12.603s] -- Installing: /home/cmhales/vtol_ctrl_ros2/install/px4_ros_com/lib/libframe_transforms.so
[12.610s] -- Set runtime path of "/home/cmhales/vtol_ctrl_ros2/install/px4_ros_com/lib/libframe_transforms.so" to ""
[12.610s] -- Up-to-date: /home/cmhales/vtol_ctrl_ros2/install/px4_ros_com/share/px4_ros_com//launch
[12.610s] -- Installing: /home/cmhales/vtol_ctrl_ros2/install/px4_ros_com/share/px4_ros_com//launch/sensor_combined_listener.launch.py
[12.611s] -- Installing: /home/cmhales/vtol_ctrl_ros2/install/px4_ros_com/share/px4_ros_com//launch/offboard_control_launch.yaml
[12.611s] -- Up-to-date: /home/cmhales/vtol_ctrl_ros2/install/px4_ros_com/share/px4_ros_com//test
[12.611s] -- Installing: /home/cmhales/vtol_ctrl_ros2/install/px4_ros_com/share/px4_ros_com//test/__init__.py
[12.612s] -- Installing: /home/cmhales/vtol_ctrl_ros2/install/px4_ros_com/share/px4_ros_com//test/pipeline_io_test.py
[12.612s] -- Installing: /home/cmhales/vtol_ctrl_ros2/install/px4_ros_com/share/px4_ros_com//test/test_input.py
[12.612s] -- Installing: /home/cmhales/vtol_ctrl_ros2/install/px4_ros_com/share/px4_ros_com//test/test_output.py
[12.613s] -- Up-to-date: /home/cmhales/vtol_ctrl_ros2/install/px4_ros_com/share/px4_ros_com/environment/pythonpath.sh
[12.613s] -- Installing: /home/cmhales/vtol_ctrl_ros2/install/px4_ros_com/share/px4_ros_com/environment/pythonpath.dsv
[12.613s] -- Up-to-date: /home/cmhales/vtol_ctrl_ros2/install/px4_ros_com/local/lib/python3.10/dist-packages/px4_ros_com-0.1.0-py3.10.egg-info
[12.613s] -- Installing: /home/cmhales/vtol_ctrl_ros2/install/px4_ros_com/local/lib/python3.10/dist-packages/px4_ros_com-0.1.0-py3.10.egg-info/dependency_links.txt
[12.614s] -- Installing: /home/cmhales/vtol_ctrl_ros2/install/px4_ros_com/local/lib/python3.10/dist-packages/px4_ros_com-0.1.0-py3.10.egg-info/top_level.txt
[12.614s] -- Installing: /home/cmhales/vtol_ctrl_ros2/install/px4_ros_com/local/lib/python3.10/dist-packages/px4_ros_com-0.1.0-py3.10.egg-info/SOURCES.txt
[12.615s] -- Installing: /home/cmhales/vtol_ctrl_ros2/install/px4_ros_com/local/lib/python3.10/dist-packages/px4_ros_com-0.1.0-py3.10.egg-info/PKG-INFO
[12.615s] -- Up-to-date: /home/cmhales/vtol_ctrl_ros2/install/px4_ros_com/local/lib/python3.10/dist-packages/px4_ros_com
[12.615s] -- Installing: /home/cmhales/vtol_ctrl_ros2/install/px4_ros_com/local/lib/python3.10/dist-packages/px4_ros_com/__init__.py
[12.615s] -- Installing: /home/cmhales/vtol_ctrl_ros2/install/px4_ros_com/local/lib/python3.10/dist-packages/px4_ros_com/module_to_import.py
[12.650s] Listing '/home/cmhales/vtol_ctrl_ros2/install/px4_ros_com/local/lib/python3.10/dist-packages/px4_ros_com'...
[12.650s] Compiling '/home/cmhales/vtol_ctrl_ros2/install/px4_ros_com/local/lib/python3.10/dist-packages/px4_ros_com/__init__.py'...
[12.651s] Compiling '/home/cmhales/vtol_ctrl_ros2/install/px4_ros_com/local/lib/python3.10/dist-packages/px4_ros_com/module_to_import.py'...
[12.654s] -- Installing: /home/cmhales/vtol_ctrl_ros2/install/px4_ros_com/lib/px4_ros_com/offboard_control.py
[12.655s] -- Up-to-date: /home/cmhales/vtol_ctrl_ros2/install/px4_ros_com/share/ament_index/resource_index/package_run_dependencies/px4_ros_com
[12.655s] -- Installing: /home/cmhales/vtol_ctrl_ros2/install/px4_ros_com/share/ament_index/resource_index/parent_prefix_path/px4_ros_com
[12.657s] -- Installing: /home/cmhales/vtol_ctrl_ros2/install/px4_ros_com/share/px4_ros_com/environment/ament_prefix_path.sh
[12.657s] -- Installing: /home/cmhales/vtol_ctrl_ros2/install/px4_ros_com/share/px4_ros_com/environment/ament_prefix_path.dsv
[12.658s] -- Installing: /home/cmhales/vtol_ctrl_ros2/install/px4_ros_com/share/px4_ros_com/environment/path.sh
[12.658s] -- Installing: /home/cmhales/vtol_ctrl_ros2/install/px4_ros_com/share/px4_ros_com/environment/path.dsv
[12.658s] -- Up-to-date: /home/cmhales/vtol_ctrl_ros2/install/px4_ros_com/share/px4_ros_com/local_setup.bash
[12.658s] -- Up-to-date: /home/cmhales/vtol_ctrl_ros2/install/px4_ros_com/share/px4_ros_com/local_setup.sh
[12.658s] -- Up-to-date: /home/cmhales/vtol_ctrl_ros2/install/px4_ros_com/share/px4_ros_com/local_setup.zsh
[12.658s] -- Installing: /home/cmhales/vtol_ctrl_ros2/install/px4_ros_com/share/px4_ros_com/local_setup.dsv
[12.659s] -- Installing: /home/cmhales/vtol_ctrl_ros2/install/px4_ros_com/share/px4_ros_com/package.dsv
[12.659s] -- Up-to-date: /home/cmhales/vtol_ctrl_ros2/install/px4_ros_com/share/ament_index/resource_index/packages/px4_ros_com
[12.659s] -- Up-to-date: /home/cmhales/vtol_ctrl_ros2/install/px4_ros_com/share/px4_ros_com/cmake/export_frame_transformsExport.cmake
[12.659s] -- Up-to-date: /home/cmhales/vtol_ctrl_ros2/install/px4_ros_com/share/px4_ros_com/cmake/export_frame_transformsExport-noconfig.cmake
[12.659s] -- Up-to-date: /home/cmhales/vtol_ctrl_ros2/install/px4_ros_com/share/px4_ros_com/cmake/ament_cmake_export_dependencies-extras.cmake
[12.660s] -- Up-to-date: /home/cmhales/vtol_ctrl_ros2/install/px4_ros_com/share/px4_ros_com/cmake/ament_cmake_export_targets-extras.cmake
[12.660s] -- Up-to-date: /home/cmhales/vtol_ctrl_ros2/install/px4_ros_com/share/px4_ros_com/cmake/ament_cmake_export_include_directories-extras.cmake
[12.660s] -- Up-to-date: /home/cmhales/vtol_ctrl_ros2/install/px4_ros_com/share/px4_ros_com/cmake/ament_cmake_export_libraries-extras.cmake
[12.660s] -- Up-to-date: /home/cmhales/vtol_ctrl_ros2/install/px4_ros_com/share/px4_ros_com/cmake/px4_ros_comConfig.cmake
[12.660s] -- Up-to-date: /home/cmhales/vtol_ctrl_ros2/install/px4_ros_com/share/px4_ros_com/cmake/px4_ros_comConfig-version.cmake
[12.660s] -- Installing: /home/cmhales/vtol_ctrl_ros2/install/px4_ros_com/share/px4_ros_com/package.xml
[12.662s] Invoked command in '/home/cmhales/vtol_ctrl_ros2/build/px4_ros_com' returned '0': CMAKE_PREFIX_PATH=/home/cmhales/vtol_ctrl_ros2/install/px4_msgs:/home/cmhales/vtol_ctrl_ros2/install/example_mode_with_executor_cpp:/home/cmhales/vtol_ctrl_ros2/install/example_mode_rtl_replacement_cpp:/home/cmhales/vtol_ctrl_ros2/install/example_mode_manual_cpp:/home/cmhales/vtol_ctrl_ros2/install/example_mode_goto_global_cpp:/home/cmhales/vtol_ctrl_ros2/install/example_mode_goto_cpp:/home/cmhales/vtol_ctrl_ros2/install/example_mode_fw_attitude_cpp:/home/cmhales/vtol_ctrl_ros2/install/example_local_navigation_cpp:/home/cmhales/vtol_ctrl_ros2/install/example_global_navigation_cpp:/home/cmhales/vtol_ctrl_ros2/install/px4_ros2_cpp:/home/cmhales/vtol_ctrl_ros2/install/px4_ros_com:/home/cmhales/vtol_ctrl_ros2/install/ros2_px4_interface:/opt/ros/humble LD_LIBRARY_PATH=/home/cmhales/vtol_ctrl_ros2/install/px4_msgs/lib:/home/cmhales/vtol_ctrl_ros2/install/px4_ros2_cpp/lib:/home/cmhales/vtol_ctrl_ros2/install/px4_ros_com/lib:/opt/ros/humble/opt/rviz_ogre_vendor/lib:/opt/ros/humble/lib/x86_64-linux-gnu:/opt/ros/humble/lib /usr/bin/cmake --install /home/cmhales/vtol_ctrl_ros2/build/px4_ros_com
