/home/cmhales/.local/lib/python3.10/site-packages/setuptools/_distutils/dist.py:268: UserWarning: Unknown distribution option: 'tests_require'
  warnings.warn(msg)
running egg_info
creating ../../build/ros2_px4_interface/ros2_px4_interface.egg-info
writing ../../build/ros2_px4_interface/ros2_px4_interface.egg-info/PKG-INFO
writing dependency_links to ../../build/ros2_px4_interface/ros2_px4_interface.egg-info/dependency_links.txt
writing requirements to ../../build/ros2_px4_interface/ros2_px4_interface.egg-info/requires.txt
writing top-level names to ../../build/ros2_px4_interface/ros2_px4_interface.egg-info/top_level.txt
writing manifest file '../../build/ros2_px4_interface/ros2_px4_interface.egg-info/SOURCES.txt'
reading manifest file '../../build/ros2_px4_interface/ros2_px4_interface.egg-info/SOURCES.txt'
writing manifest file '../../build/ros2_px4_interface/ros2_px4_interface.egg-info/SOURCES.txt'
running build
running build_py
creating /home/cmhales/vtol_ctrl_ros2/build/ros2_px4_interface/build
creating /home/cmhales/vtol_ctrl_ros2/build/ros2_px4_interface/build/lib
creating /home/cmhales/vtol_ctrl_ros2/build/ros2_px4_interface/build/lib/ros2_px4_interface
copying ros2_px4_interface/__init__.py -> /home/cmhales/vtol_ctrl_ros2/build/ros2_px4_interface/build/lib/ros2_px4_interface
running install
running install_lib
creating /home/cmhales/vtol_ctrl_ros2/install/ros2_px4_interface/lib/python3.10/site-packages/ros2_px4_interface
copying /home/cmhales/vtol_ctrl_ros2/build/ros2_px4_interface/build/lib/ros2_px4_interface/__init__.py -> /home/cmhales/vtol_ctrl_ros2/install/ros2_px4_interface/lib/python3.10/site-packages/ros2_px4_interface
byte-compiling /home/cmhales/vtol_ctrl_ros2/install/ros2_px4_interface/lib/python3.10/site-packages/ros2_px4_interface/__init__.py to __init__.cpython-310.pyc
running install_data
creating /home/cmhales/vtol_ctrl_ros2/install/ros2_px4_interface/share/ament_index
creating /home/cmhales/vtol_ctrl_ros2/install/ros2_px4_interface/share/ament_index/resource_index
creating /home/cmhales/vtol_ctrl_ros2/install/ros2_px4_interface/share/ament_index/resource_index/packages
copying resource/ros2_px4_interface -> /home/cmhales/vtol_ctrl_ros2/install/ros2_px4_interface/share/ament_index/resource_index/packages
copying package.xml -> /home/cmhales/vtol_ctrl_ros2/install/ros2_px4_interface/share/ros2_px4_interface
running install_egg_info
Copying ../../build/ros2_px4_interface/ros2_px4_interface.egg-info to /home/cmhales/vtol_ctrl_ros2/install/ros2_px4_interface/lib/python3.10/site-packages/ros2_px4_interface-0.0.0-py3.10.egg-info
running install_scripts
writing list of installed files to '/home/cmhales/vtol_ctrl_ros2/build/ros2_px4_interface/install.log'
