[0.043s] Invoking command in '/home/cmhales/vtol_ctrl_ros2/build/example_mode_manual_cpp': AMENT_PREFIX_PATH=/home/cmhales/vtol_ctrl_ros2/install/px4_ros2_cpp:${AMENT_PREFIX_PATH} CMAKE_PREFIX_PATH=/home/cmhales/vtol_ctrl_ros2/install/px4_ros2_cpp:/home/cmhales/vtol_ctrl_ros2/install/px4_msgs:/home/cmhales/vtol_ctrl_ros2/install/px4_ros_com:/home/cmhales/vtol_ctrl_ros2/install/ros2_px4_interface:/opt/ros/humble LD_LIBRARY_PATH=/home/cmhales/vtol_ctrl_ros2/install/px4_ros2_cpp/lib:/home/cmhales/vtol_ctrl_ros2/install/px4_msgs/lib:/home/cmhales/vtol_ctrl_ros2/install/px4_ros_com/lib:/opt/ros/humble/opt/rviz_ogre_vendor/lib:/opt/ros/humble/lib/x86_64-linux-gnu:/opt/ros/humble/lib /usr/bin/cmake /home/cmhales/vtol_ctrl_ros2/src/px4-ros2-interface-lib/examples/cpp/modes/manual -DCMAKE_INSTALL_PREFIX=/home/cmhales/vtol_ctrl_ros2/install/example_mode_manual_cpp
[2.333s] -- The C compiler identification is GNU 11.4.0
[2.334s] -- The CXX compiler identification is GNU 11.4.0
[2.334s] -- Detecting C compiler ABI info
[2.334s] -- Detecting C compiler ABI info - done
[2.334s] -- Check for working C compiler: /usr/bin/cc - skipped
[2.334s] -- Detecting C compile features
[2.334s] -- Detecting C compile features - done
[2.334s] -- Detecting CXX compiler ABI info
[2.334s] -- Detecting CXX compiler ABI info - done
[2.334s] -- Check for working CXX compiler: /usr/bin/c++ - skipped
[2.334s] -- Detecting CXX compile features
[2.334s] -- Detecting CXX compile features - done
[2.334s] -- Found eigen3_cmake_module: 0.1.1 (/opt/ros/humble/share/eigen3_cmake_module/cmake)
[2.335s] -- Found Eigen3: TRUE (found version "3.4.0") 
[2.335s] -- Found ament_cmake: 1.3.10 (/opt/ros/humble/share/ament_cmake/cmake)
[2.335s] -- Found Python3: /usr/bin/python3 (found version "3.10.12") found components: Interpreter 
[2.335s] -- Found rclcpp: 16.0.10 (/opt/ros/humble/share/rclcpp/cmake)
[2.335s] -- Found rosidl_generator_c: 3.1.5 (/opt/ros/humble/share/rosidl_generator_c/cmake)
[2.335s] -- Found rosidl_adapter: 3.1.5 (/opt/ros/humble/share/rosidl_adapter/cmake)
[2.335s] -- Found rosidl_generator_cpp: 3.1.5 (/opt/ros/humble/share/rosidl_generator_cpp/cmake)
[2.335s] -- Using all available rosidl_typesupport_c: rosidl_typesupport_fastrtps_c;rosidl_typesupport_introspection_c
[2.335s] -- Using all available rosidl_typesupport_cpp: rosidl_typesupport_fastrtps_cpp;rosidl_typesupport_introspection_cpp
[2.335s] -- Found rmw_implementation_cmake: 6.1.2 (/opt/ros/humble/share/rmw_implementation_cmake/cmake)
[2.335s] -- Found rmw_fastrtps_cpp: 6.2.7 (/opt/ros/humble/share/rmw_fastrtps_cpp/cmake)
[2.335s] -- Found OpenSSL: /usr/lib/x86_64-linux-gnu/libcrypto.so (found version "3.0.2")  
[2.335s] -- Found FastRTPS: /opt/ros/humble/include  
[2.335s] -- Using RMW implementation 'rmw_fastrtps_cpp' as default
[2.336s] -- Looking for pthread.h
[2.336s] -- Looking for pthread.h - found
[2.336s] -- Performing Test CMAKE_HAVE_LIBC_PTHREAD
[2.336s] -- Performing Test CMAKE_HAVE_LIBC_PTHREAD - Success
[2.336s] -- Found Threads: TRUE  
[2.336s] -- Found px4_ros2_cpp: 0.0.1 (/home/cmhales/vtol_ctrl_ros2/install/px4_ros2_cpp/share/px4_ros2_cpp/cmake)
[2.336s] -- Found ament_lint_auto: 0.12.11 (/opt/ros/humble/share/ament_lint_auto/cmake)
[2.336s] -- Added test 'copyright' to check source files copyright and LICENSE
[2.336s] -- Added test 'cppcheck' to perform static code analysis on C / C++ code
[2.336s] -- Configured cppcheck include dirs: /home/cmhales/vtol_ctrl_ros2/src/px4-ros2-interface-lib/examples/cpp/modes/manual/include
[2.336s] -- Configured cppcheck exclude dirs and/or files: 
[2.336s] -- Added test 'cpplint' to check C / C++ code against the Google style
[2.336s] -- Configured cpplint exclude dirs and/or files: 
[2.337s] -- Added test 'lint_cmake' to check CMake code style
[2.337s] -- Added test 'uncrustify' to check C / C++ code style
[2.337s] -- Configured uncrustify additional arguments: 
[2.337s] -- Added test 'xmllint' to check XML markup files
[2.337s] -- Configuring done
[2.337s] -- Generating done
[2.337s] -- Build files have been written to: /home/cmhales/vtol_ctrl_ros2/build/example_mode_manual_cpp
[2.366s] Invoked command in '/home/cmhales/vtol_ctrl_ros2/build/example_mode_manual_cpp' returned '0': AMENT_PREFIX_PATH=/home/cmhales/vtol_ctrl_ros2/install/px4_ros2_cpp:${AMENT_PREFIX_PATH} CMAKE_PREFIX_PATH=/home/cmhales/vtol_ctrl_ros2/install/px4_ros2_cpp:/home/cmhales/vtol_ctrl_ros2/install/px4_msgs:/home/cmhales/vtol_ctrl_ros2/install/px4_ros_com:/home/cmhales/vtol_ctrl_ros2/install/ros2_px4_interface:/opt/ros/humble LD_LIBRARY_PATH=/home/cmhales/vtol_ctrl_ros2/install/px4_ros2_cpp/lib:/home/cmhales/vtol_ctrl_ros2/install/px4_msgs/lib:/home/cmhales/vtol_ctrl_ros2/install/px4_ros_com/lib:/opt/ros/humble/opt/rviz_ogre_vendor/lib:/opt/ros/humble/lib/x86_64-linux-gnu:/opt/ros/humble/lib /usr/bin/cmake /home/cmhales/vtol_ctrl_ros2/src/px4-ros2-interface-lib/examples/cpp/modes/manual -DCMAKE_INSTALL_PREFIX=/home/cmhales/vtol_ctrl_ros2/install/example_mode_manual_cpp
[2.368s] Invoking command in '/home/cmhales/vtol_ctrl_ros2/build/example_mode_manual_cpp': AMENT_PREFIX_PATH=/home/cmhales/vtol_ctrl_ros2/install/px4_ros2_cpp:${AMENT_PREFIX_PATH} CMAKE_PREFIX_PATH=/home/cmhales/vtol_ctrl_ros2/install/px4_ros2_cpp:/home/cmhales/vtol_ctrl_ros2/install/px4_msgs:/home/cmhales/vtol_ctrl_ros2/install/px4_ros_com:/home/cmhales/vtol_ctrl_ros2/install/ros2_px4_interface:/opt/ros/humble LD_LIBRARY_PATH=/home/cmhales/vtol_ctrl_ros2/install/px4_ros2_cpp/lib:/home/cmhales/vtol_ctrl_ros2/install/px4_msgs/lib:/home/cmhales/vtol_ctrl_ros2/install/px4_ros_com/lib:/opt/ros/humble/opt/rviz_ogre_vendor/lib:/opt/ros/humble/lib/x86_64-linux-gnu:/opt/ros/humble/lib /usr/bin/cmake --build /home/cmhales/vtol_ctrl_ros2/build/example_mode_manual_cpp -- -j6 -l6
[2.458s] [ 50%] [32mBuilding CXX object CMakeFiles/example_mode_manual.dir/src/main.cpp.o[0m
[7.637s] [100%] [32m[1mLinking CXX executable example_mode_manual[0m
[11.205s] [100%] Built target example_mode_manual
[11.235s] Invoked command in '/home/cmhales/vtol_ctrl_ros2/build/example_mode_manual_cpp' returned '0': AMENT_PREFIX_PATH=/home/cmhales/vtol_ctrl_ros2/install/px4_ros2_cpp:${AMENT_PREFIX_PATH} CMAKE_PREFIX_PATH=/home/cmhales/vtol_ctrl_ros2/install/px4_ros2_cpp:/home/cmhales/vtol_ctrl_ros2/install/px4_msgs:/home/cmhales/vtol_ctrl_ros2/install/px4_ros_com:/home/cmhales/vtol_ctrl_ros2/install/ros2_px4_interface:/opt/ros/humble LD_LIBRARY_PATH=/home/cmhales/vtol_ctrl_ros2/install/px4_ros2_cpp/lib:/home/cmhales/vtol_ctrl_ros2/install/px4_msgs/lib:/home/cmhales/vtol_ctrl_ros2/install/px4_ros_com/lib:/opt/ros/humble/opt/rviz_ogre_vendor/lib:/opt/ros/humble/lib/x86_64-linux-gnu:/opt/ros/humble/lib /usr/bin/cmake --build /home/cmhales/vtol_ctrl_ros2/build/example_mode_manual_cpp -- -j6 -l6
[11.339s] Invoking command in '/home/cmhales/vtol_ctrl_ros2/build/example_mode_manual_cpp': AMENT_PREFIX_PATH=/home/cmhales/vtol_ctrl_ros2/install/px4_ros2_cpp:${AMENT_PREFIX_PATH} CMAKE_PREFIX_PATH=/home/cmhales/vtol_ctrl_ros2/install/px4_ros2_cpp:/home/cmhales/vtol_ctrl_ros2/install/px4_msgs:/home/cmhales/vtol_ctrl_ros2/install/px4_ros_com:/home/cmhales/vtol_ctrl_ros2/install/ros2_px4_interface:/opt/ros/humble LD_LIBRARY_PATH=/home/cmhales/vtol_ctrl_ros2/install/px4_ros2_cpp/lib:/home/cmhales/vtol_ctrl_ros2/install/px4_msgs/lib:/home/cmhales/vtol_ctrl_ros2/install/px4_ros_com/lib:/opt/ros/humble/opt/rviz_ogre_vendor/lib:/opt/ros/humble/lib/x86_64-linux-gnu:/opt/ros/humble/lib /usr/bin/cmake --install /home/cmhales/vtol_ctrl_ros2/build/example_mode_manual_cpp
[11.495s] -- Install configuration: ""
[11.495s] -- Installing: /home/cmhales/vtol_ctrl_ros2/install/example_mode_manual_cpp/lib/example_mode_manual_cpp/example_mode_manual
[11.495s] -- Set runtime path of "/home/cmhales/vtol_ctrl_ros2/install/example_mode_manual_cpp/lib/example_mode_manual_cpp/example_mode_manual" to ""
[11.495s] -- Installing: /home/cmhales/vtol_ctrl_ros2/install/example_mode_manual_cpp/share/ament_index/resource_index/package_run_dependencies/example_mode_manual_cpp
[11.496s] -- Installing: /home/cmhales/vtol_ctrl_ros2/install/example_mode_manual_cpp/share/ament_index/resource_index/parent_prefix_path/example_mode_manual_cpp
[11.496s] -- Installing: /home/cmhales/vtol_ctrl_ros2/install/example_mode_manual_cpp/share/example_mode_manual_cpp/environment/ament_prefix_path.sh
[11.496s] -- Installing: /home/cmhales/vtol_ctrl_ros2/install/example_mode_manual_cpp/share/example_mode_manual_cpp/environment/ament_prefix_path.dsv
[11.496s] -- Installing: /home/cmhales/vtol_ctrl_ros2/install/example_mode_manual_cpp/share/example_mode_manual_cpp/environment/path.sh
[11.496s] -- Installing: /home/cmhales/vtol_ctrl_ros2/install/example_mode_manual_cpp/share/example_mode_manual_cpp/environment/path.dsv
[11.496s] -- Installing: /home/cmhales/vtol_ctrl_ros2/install/example_mode_manual_cpp/share/example_mode_manual_cpp/local_setup.bash
[11.496s] -- Installing: /home/cmhales/vtol_ctrl_ros2/install/example_mode_manual_cpp/share/example_mode_manual_cpp/local_setup.sh
[11.496s] -- Installing: /home/cmhales/vtol_ctrl_ros2/install/example_mode_manual_cpp/share/example_mode_manual_cpp/local_setup.zsh
[11.496s] -- Installing: /home/cmhales/vtol_ctrl_ros2/install/example_mode_manual_cpp/share/example_mode_manual_cpp/local_setup.dsv
[11.496s] -- Installing: /home/cmhales/vtol_ctrl_ros2/install/example_mode_manual_cpp/share/example_mode_manual_cpp/package.dsv
[11.496s] -- Installing: /home/cmhales/vtol_ctrl_ros2/install/example_mode_manual_cpp/share/ament_index/resource_index/packages/example_mode_manual_cpp
[11.496s] -- Installing: /home/cmhales/vtol_ctrl_ros2/install/example_mode_manual_cpp/share/example_mode_manual_cpp/cmake/example_mode_manual_cppConfig.cmake
[11.496s] -- Installing: /home/cmhales/vtol_ctrl_ros2/install/example_mode_manual_cpp/share/example_mode_manual_cpp/cmake/example_mode_manual_cppConfig-version.cmake
[11.496s] -- Installing: /home/cmhales/vtol_ctrl_ros2/install/example_mode_manual_cpp/share/example_mode_manual_cpp/package.xml
[11.507s] Invoked command in '/home/cmhales/vtol_ctrl_ros2/build/example_mode_manual_cpp' returned '0': AMENT_PREFIX_PATH=/home/cmhales/vtol_ctrl_ros2/install/px4_ros2_cpp:${AMENT_PREFIX_PATH} CMAKE_PREFIX_PATH=/home/cmhales/vtol_ctrl_ros2/install/px4_ros2_cpp:/home/cmhales/vtol_ctrl_ros2/install/px4_msgs:/home/cmhales/vtol_ctrl_ros2/install/px4_ros_com:/home/cmhales/vtol_ctrl_ros2/install/ros2_px4_interface:/opt/ros/humble LD_LIBRARY_PATH=/home/cmhales/vtol_ctrl_ros2/install/px4_ros2_cpp/lib:/home/cmhales/vtol_ctrl_ros2/install/px4_msgs/lib:/home/cmhales/vtol_ctrl_ros2/install/px4_ros_com/lib:/opt/ros/humble/opt/rviz_ogre_vendor/lib:/opt/ros/humble/lib/x86_64-linux-gnu:/opt/ros/humble/lib /usr/bin/cmake --install /home/cmhales/vtol_ctrl_ros2/build/example_mode_manual_cpp
