[0.043s] Invoking command in '/home/cmhales/vtol_ctrl_ros2/build/example_mode_goto_cpp': AMENT_PREFIX_PATH=/home/cmhales/vtol_ctrl_ros2/install/px4_ros2_cpp:${AMENT_PREFIX_PATH} CMAKE_PREFIX_PATH=/home/cmhales/vtol_ctrl_ros2/install/px4_ros2_cpp:/home/cmhales/vtol_ctrl_ros2/install/px4_msgs:/home/cmhales/vtol_ctrl_ros2/install/px4_ros_com:/home/cmhales/vtol_ctrl_ros2/install/ros2_px4_interface:/opt/ros/humble LD_LIBRARY_PATH=/home/cmhales/vtol_ctrl_ros2/install/px4_ros2_cpp/lib:/home/cmhales/vtol_ctrl_ros2/install/px4_msgs/lib:/home/cmhales/vtol_ctrl_ros2/install/px4_ros_com/lib:/opt/ros/humble/opt/rviz_ogre_vendor/lib:/opt/ros/humble/lib/x86_64-linux-gnu:/opt/ros/humble/lib /usr/bin/cmake /home/cmhales/vtol_ctrl_ros2/src/px4-ros2-interface-lib/examples/cpp/modes/goto -DCMAKE_INSTALL_PREFIX=/home/cmhales/vtol_ctrl_ros2/install/example_mode_goto_cpp
[0.186s] -- The C compiler identification is GNU 11.4.0
[0.321s] -- The CXX compiler identification is GNU 11.4.0
[0.342s] -- Detecting C compiler ABI info
[0.504s] -- Detecting C compiler ABI info - done
[0.531s] -- Check for working C compiler: /usr/bin/cc - skipped
[0.534s] -- Detecting C compile features
[0.536s] -- Detecting C compile features - done
[0.541s] -- Detecting CXX compiler ABI info
[0.727s] -- Detecting CXX compiler ABI info - done
[0.742s] -- Check for working CXX compiler: /usr/bin/c++ - skipped
[0.742s] -- Detecting CXX compile features
[0.742s] -- Detecting CXX compile features - done
[0.750s] -- Found eigen3_cmake_module: 0.1.1 (/opt/ros/humble/share/eigen3_cmake_module/cmake)
[0.761s] -- Found Eigen3: TRUE (found version "3.4.0") 
[0.767s] -- Found ament_cmake: 1.3.10 (/opt/ros/humble/share/ament_cmake/cmake)
[1.026s] -- Found Python3: /usr/bin/python3 (found version "3.10.12") found components: Interpreter 
[1.198s] -- Found rclcpp: 16.0.10 (/opt/ros/humble/share/rclcpp/cmake)
[1.260s] -- Found rosidl_generator_c: 3.1.5 (/opt/ros/humble/share/rosidl_generator_c/cmake)
[1.268s] -- Found rosidl_adapter: 3.1.5 (/opt/ros/humble/share/rosidl_adapter/cmake)
[1.280s] -- Found rosidl_generator_cpp: 3.1.5 (/opt/ros/humble/share/rosidl_generator_cpp/cmake)
[1.301s] -- Using all available rosidl_typesupport_c: rosidl_typesupport_fastrtps_c;rosidl_typesupport_introspection_c
[1.324s] -- Using all available rosidl_typesupport_cpp: rosidl_typesupport_fastrtps_cpp;rosidl_typesupport_introspection_cpp
[1.390s] -- Found rmw_implementation_cmake: 6.1.2 (/opt/ros/humble/share/rmw_implementation_cmake/cmake)
[1.394s] -- Found rmw_fastrtps_cpp: 6.2.7 (/opt/ros/humble/share/rmw_fastrtps_cpp/cmake)
[1.570s] -- Found OpenSSL: /usr/lib/x86_64-linux-gnu/libcrypto.so (found version "3.0.2")  
[1.610s] -- Found FastRTPS: /opt/ros/humble/include  
[1.660s] -- Using RMW implementation 'rmw_fastrtps_cpp' as default
[1.675s] -- Looking for pthread.h
[1.804s] -- Looking for pthread.h - found
[1.807s] -- Performing Test CMAKE_HAVE_LIBC_PTHREAD
[1.980s] -- Performing Test CMAKE_HAVE_LIBC_PTHREAD - Success
[1.981s] -- Found Threads: TRUE  
[2.046s] -- Found px4_ros2_cpp: 0.0.1 (/home/cmhales/vtol_ctrl_ros2/install/px4_ros2_cpp/share/px4_ros2_cpp/cmake)
[2.080s] -- Found ament_lint_auto: 0.12.11 (/opt/ros/humble/share/ament_lint_auto/cmake)
[2.296s] -- Added test 'copyright' to check source files copyright and LICENSE
[2.298s] -- Added test 'cppcheck' to perform static code analysis on C / C++ code
[2.299s] -- Configured cppcheck include dirs: /home/cmhales/vtol_ctrl_ros2/src/px4-ros2-interface-lib/examples/cpp/modes/goto/include
[2.299s] -- Configured cppcheck exclude dirs and/or files: 
[2.302s] -- Added test 'cpplint' to check C / C++ code against the Google style
[2.302s] -- Configured cpplint exclude dirs and/or files: 
[2.303s] -- Added test 'lint_cmake' to check CMake code style
[2.304s] -- Added test 'uncrustify' to check C / C++ code style
[2.304s] -- Configured uncrustify additional arguments: 
[2.305s] -- Added test 'xmllint' to check XML markup files
[2.309s] -- Configuring done
[2.325s] -- Generating done
[2.328s] -- Build files have been written to: /home/cmhales/vtol_ctrl_ros2/build/example_mode_goto_cpp
[2.357s] Invoked command in '/home/cmhales/vtol_ctrl_ros2/build/example_mode_goto_cpp' returned '0': AMENT_PREFIX_PATH=/home/cmhales/vtol_ctrl_ros2/install/px4_ros2_cpp:${AMENT_PREFIX_PATH} CMAKE_PREFIX_PATH=/home/cmhales/vtol_ctrl_ros2/install/px4_ros2_cpp:/home/cmhales/vtol_ctrl_ros2/install/px4_msgs:/home/cmhales/vtol_ctrl_ros2/install/px4_ros_com:/home/cmhales/vtol_ctrl_ros2/install/ros2_px4_interface:/opt/ros/humble LD_LIBRARY_PATH=/home/cmhales/vtol_ctrl_ros2/install/px4_ros2_cpp/lib:/home/cmhales/vtol_ctrl_ros2/install/px4_msgs/lib:/home/cmhales/vtol_ctrl_ros2/install/px4_ros_com/lib:/opt/ros/humble/opt/rviz_ogre_vendor/lib:/opt/ros/humble/lib/x86_64-linux-gnu:/opt/ros/humble/lib /usr/bin/cmake /home/cmhales/vtol_ctrl_ros2/src/px4-ros2-interface-lib/examples/cpp/modes/goto -DCMAKE_INSTALL_PREFIX=/home/cmhales/vtol_ctrl_ros2/install/example_mode_goto_cpp
[2.357s] Invoking command in '/home/cmhales/vtol_ctrl_ros2/build/example_mode_goto_cpp': AMENT_PREFIX_PATH=/home/cmhales/vtol_ctrl_ros2/install/px4_ros2_cpp:${AMENT_PREFIX_PATH} CMAKE_PREFIX_PATH=/home/cmhales/vtol_ctrl_ros2/install/px4_ros2_cpp:/home/cmhales/vtol_ctrl_ros2/install/px4_msgs:/home/cmhales/vtol_ctrl_ros2/install/px4_ros_com:/home/cmhales/vtol_ctrl_ros2/install/ros2_px4_interface:/opt/ros/humble LD_LIBRARY_PATH=/home/cmhales/vtol_ctrl_ros2/install/px4_ros2_cpp/lib:/home/cmhales/vtol_ctrl_ros2/install/px4_msgs/lib:/home/cmhales/vtol_ctrl_ros2/install/px4_ros_com/lib:/opt/ros/humble/opt/rviz_ogre_vendor/lib:/opt/ros/humble/lib/x86_64-linux-gnu:/opt/ros/humble/lib /usr/bin/cmake --build /home/cmhales/vtol_ctrl_ros2/build/example_mode_goto_cpp -- -j6 -l6
[2.435s] [ 50%] [32mBuilding CXX object CMakeFiles/example_mode_goto.dir/src/main.cpp.o[0m
[9.275s] [100%] [32m[1mLinking CXX executable example_mode_goto[0m
[11.855s] [100%] Built target example_mode_goto
[11.868s] Invoked command in '/home/cmhales/vtol_ctrl_ros2/build/example_mode_goto_cpp' returned '0': AMENT_PREFIX_PATH=/home/cmhales/vtol_ctrl_ros2/install/px4_ros2_cpp:${AMENT_PREFIX_PATH} CMAKE_PREFIX_PATH=/home/cmhales/vtol_ctrl_ros2/install/px4_ros2_cpp:/home/cmhales/vtol_ctrl_ros2/install/px4_msgs:/home/cmhales/vtol_ctrl_ros2/install/px4_ros_com:/home/cmhales/vtol_ctrl_ros2/install/ros2_px4_interface:/opt/ros/humble LD_LIBRARY_PATH=/home/cmhales/vtol_ctrl_ros2/install/px4_ros2_cpp/lib:/home/cmhales/vtol_ctrl_ros2/install/px4_msgs/lib:/home/cmhales/vtol_ctrl_ros2/install/px4_ros_com/lib:/opt/ros/humble/opt/rviz_ogre_vendor/lib:/opt/ros/humble/lib/x86_64-linux-gnu:/opt/ros/humble/lib /usr/bin/cmake --build /home/cmhales/vtol_ctrl_ros2/build/example_mode_goto_cpp -- -j6 -l6
[11.908s] Invoking command in '/home/cmhales/vtol_ctrl_ros2/build/example_mode_goto_cpp': AMENT_PREFIX_PATH=/home/cmhales/vtol_ctrl_ros2/install/px4_ros2_cpp:${AMENT_PREFIX_PATH} CMAKE_PREFIX_PATH=/home/cmhales/vtol_ctrl_ros2/install/px4_ros2_cpp:/home/cmhales/vtol_ctrl_ros2/install/px4_msgs:/home/cmhales/vtol_ctrl_ros2/install/px4_ros_com:/home/cmhales/vtol_ctrl_ros2/install/ros2_px4_interface:/opt/ros/humble LD_LIBRARY_PATH=/home/cmhales/vtol_ctrl_ros2/install/px4_ros2_cpp/lib:/home/cmhales/vtol_ctrl_ros2/install/px4_msgs/lib:/home/cmhales/vtol_ctrl_ros2/install/px4_ros_com/lib:/opt/ros/humble/opt/rviz_ogre_vendor/lib:/opt/ros/humble/lib/x86_64-linux-gnu:/opt/ros/humble/lib /usr/bin/cmake --install /home/cmhales/vtol_ctrl_ros2/build/example_mode_goto_cpp
[11.917s] -- Install configuration: ""
[11.918s] -- Installing: /home/cmhales/vtol_ctrl_ros2/install/example_mode_goto_cpp/lib/example_mode_goto_cpp/example_mode_goto
[11.920s] -- Set runtime path of "/home/cmhales/vtol_ctrl_ros2/install/example_mode_goto_cpp/lib/example_mode_goto_cpp/example_mode_goto" to ""
[11.921s] -- Installing: /home/cmhales/vtol_ctrl_ros2/install/example_mode_goto_cpp/share/ament_index/resource_index/package_run_dependencies/example_mode_goto_cpp
[11.921s] -- Installing: /home/cmhales/vtol_ctrl_ros2/install/example_mode_goto_cpp/share/ament_index/resource_index/parent_prefix_path/example_mode_goto_cpp
[11.921s] -- Installing: /home/cmhales/vtol_ctrl_ros2/install/example_mode_goto_cpp/share/example_mode_goto_cpp/environment/ament_prefix_path.sh
[11.921s] -- Installing: /home/cmhales/vtol_ctrl_ros2/install/example_mode_goto_cpp/share/example_mode_goto_cpp/environment/ament_prefix_path.dsv
[11.921s] -- Installing: /home/cmhales/vtol_ctrl_ros2/install/example_mode_goto_cpp/share/example_mode_goto_cpp/environment/path.sh
[11.921s] -- Installing: /home/cmhales/vtol_ctrl_ros2/install/example_mode_goto_cpp/share/example_mode_goto_cpp/environment/path.dsv
[11.922s] -- Installing: /home/cmhales/vtol_ctrl_ros2/install/example_mode_goto_cpp/share/example_mode_goto_cpp/local_setup.bash
[11.922s] -- Installing: /home/cmhales/vtol_ctrl_ros2/install/example_mode_goto_cpp/share/example_mode_goto_cpp/local_setup.sh
[11.923s] -- Installing: /home/cmhales/vtol_ctrl_ros2/install/example_mode_goto_cpp/share/example_mode_goto_cpp/local_setup.zsh
[11.923s] -- Installing: /home/cmhales/vtol_ctrl_ros2/install/example_mode_goto_cpp/share/example_mode_goto_cpp/local_setup.dsv
[11.923s] -- Installing: /home/cmhales/vtol_ctrl_ros2/install/example_mode_goto_cpp/share/example_mode_goto_cpp/package.dsv
[11.924s] -- Installing: /home/cmhales/vtol_ctrl_ros2/install/example_mode_goto_cpp/share/ament_index/resource_index/packages/example_mode_goto_cpp
[11.924s] -- Installing: /home/cmhales/vtol_ctrl_ros2/install/example_mode_goto_cpp/share/example_mode_goto_cpp/cmake/example_mode_goto_cppConfig.cmake
[11.925s] -- Installing: /home/cmhales/vtol_ctrl_ros2/install/example_mode_goto_cpp/share/example_mode_goto_cpp/cmake/example_mode_goto_cppConfig-version.cmake
[11.925s] -- Installing: /home/cmhales/vtol_ctrl_ros2/install/example_mode_goto_cpp/share/example_mode_goto_cpp/package.xml
[11.930s] Invoked command in '/home/cmhales/vtol_ctrl_ros2/build/example_mode_goto_cpp' returned '0': AMENT_PREFIX_PATH=/home/cmhales/vtol_ctrl_ros2/install/px4_ros2_cpp:${AMENT_PREFIX_PATH} CMAKE_PREFIX_PATH=/home/cmhales/vtol_ctrl_ros2/install/px4_ros2_cpp:/home/cmhales/vtol_ctrl_ros2/install/px4_msgs:/home/cmhales/vtol_ctrl_ros2/install/px4_ros_com:/home/cmhales/vtol_ctrl_ros2/install/ros2_px4_interface:/opt/ros/humble LD_LIBRARY_PATH=/home/cmhales/vtol_ctrl_ros2/install/px4_ros2_cpp/lib:/home/cmhales/vtol_ctrl_ros2/install/px4_msgs/lib:/home/cmhales/vtol_ctrl_ros2/install/px4_ros_com/lib:/opt/ros/humble/opt/rviz_ogre_vendor/lib:/opt/ros/humble/lib/x86_64-linux-gnu:/opt/ros/humble/lib /usr/bin/cmake --install /home/cmhales/vtol_ctrl_ros2/build/example_mode_goto_cpp
