[0.094s] Invoking command in '/home/cmhales/vtol_ctrl_ros2/build/example_mode_rtl_replacement_cpp': AMENT_PREFIX_PATH=/home/cmhales/vtol_ctrl_ros2/install/px4_ros2_cpp:${AMENT_PREFIX_PATH} CMAKE_PREFIX_PATH=/home/cmhales/vtol_ctrl_ros2/install/px4_ros2_cpp:/home/cmhales/vtol_ctrl_ros2/install/px4_msgs:/home/cmhales/vtol_ctrl_ros2/install/px4_ros_com:/home/cmhales/vtol_ctrl_ros2/install/ros2_px4_interface:/opt/ros/humble LD_LIBRARY_PATH=/home/cmhales/vtol_ctrl_ros2/install/px4_ros2_cpp/lib:/home/cmhales/vtol_ctrl_ros2/install/px4_msgs/lib:/home/cmhales/vtol_ctrl_ros2/install/px4_ros_com/lib:/opt/ros/humble/opt/rviz_ogre_vendor/lib:/opt/ros/humble/lib/x86_64-linux-gnu:/opt/ros/humble/lib /usr/bin/cmake /home/cmhales/vtol_ctrl_ros2/src/px4-ros2-interface-lib/examples/cpp/modes/rtl_replacement -DCMAKE_INSTALL_PREFIX=/home/cmhales/vtol_ctrl_ros2/install/example_mode_rtl_replacement_cpp
[0.277s] -- The C compiler identification is GNU 11.4.0
[0.423s] -- The CXX compiler identification is GNU 11.4.0
[0.442s] -- Detecting C compiler ABI info
[0.706s] -- Detecting C compiler ABI info - done
[0.735s] -- Check for working C compiler: /usr/bin/cc - skipped
[0.736s] -- Detecting C compile features
[0.736s] -- Detecting C compile features - done
[0.746s] -- Detecting CXX compiler ABI info
[1.021s] -- Detecting CXX compiler ABI info - done
[1.031s] -- Check for working CXX compiler: /usr/bin/c++ - skipped
[1.031s] -- Detecting CXX compile features
[1.031s] -- Detecting CXX compile features - done
[1.038s] -- Found eigen3_cmake_module: 0.1.1 (/opt/ros/humble/share/eigen3_cmake_module/cmake)
[1.051s] -- Found Eigen3: TRUE (found version "3.4.0") 
[1.054s] -- Found ament_cmake: 1.3.10 (/opt/ros/humble/share/ament_cmake/cmake)
[1.410s] -- Found Python3: /usr/bin/python3 (found version "3.10.12") found components: Interpreter 
[1.584s] -- Found rclcpp: 16.0.10 (/opt/ros/humble/share/rclcpp/cmake)
[1.662s] -- Found rosidl_generator_c: 3.1.5 (/opt/ros/humble/share/rosidl_generator_c/cmake)
[1.669s] -- Found rosidl_adapter: 3.1.5 (/opt/ros/humble/share/rosidl_adapter/cmake)
[1.681s] -- Found rosidl_generator_cpp: 3.1.5 (/opt/ros/humble/share/rosidl_generator_cpp/cmake)
[1.700s] -- Using all available rosidl_typesupport_c: rosidl_typesupport_fastrtps_c;rosidl_typesupport_introspection_c
[1.718s] -- Using all available rosidl_typesupport_cpp: rosidl_typesupport_fastrtps_cpp;rosidl_typesupport_introspection_cpp
[1.773s] -- Found rmw_implementation_cmake: 6.1.2 (/opt/ros/humble/share/rmw_implementation_cmake/cmake)
[1.777s] -- Found rmw_fastrtps_cpp: 6.2.7 (/opt/ros/humble/share/rmw_fastrtps_cpp/cmake)
[1.900s] -- Found OpenSSL: /usr/lib/x86_64-linux-gnu/libcrypto.so (found version "3.0.2")  
[1.937s] -- Found FastRTPS: /opt/ros/humble/include  
[1.986s] -- Using RMW implementation 'rmw_fastrtps_cpp' as default
[1.995s] -- Looking for pthread.h
[2.073s] -- Looking for pthread.h - found
[2.073s] -- Performing Test CMAKE_HAVE_LIBC_PTHREAD
[2.150s] -- Performing Test CMAKE_HAVE_LIBC_PTHREAD - Success
[2.151s] -- Found Threads: TRUE  
[2.202s] -- Found px4_ros2_cpp: 0.0.1 (/home/cmhales/vtol_ctrl_ros2/install/px4_ros2_cpp/share/px4_ros2_cpp/cmake)
[2.220s] -- Found ament_lint_auto: 0.12.11 (/opt/ros/humble/share/ament_lint_auto/cmake)
[2.304s] -- Added test 'copyright' to check source files copyright and LICENSE
[2.306s] -- Added test 'cppcheck' to perform static code analysis on C / C++ code
[2.306s] -- Configured cppcheck include dirs: /home/cmhales/vtol_ctrl_ros2/src/px4-ros2-interface-lib/examples/cpp/modes/rtl_replacement/include
[2.306s] -- Configured cppcheck exclude dirs and/or files: 
[2.307s] -- Added test 'cpplint' to check C / C++ code against the Google style
[2.307s] -- Configured cpplint exclude dirs and/or files: 
[2.308s] -- Added test 'lint_cmake' to check CMake code style
[2.309s] -- Added test 'uncrustify' to check C / C++ code style
[2.309s] -- Configured uncrustify additional arguments: 
[2.310s] -- Added test 'xmllint' to check XML markup files
[2.311s] -- Configuring done
[2.322s] -- Generating done
[2.323s] -- Build files have been written to: /home/cmhales/vtol_ctrl_ros2/build/example_mode_rtl_replacement_cpp
[2.332s] Invoked command in '/home/cmhales/vtol_ctrl_ros2/build/example_mode_rtl_replacement_cpp' returned '0': AMENT_PREFIX_PATH=/home/cmhales/vtol_ctrl_ros2/install/px4_ros2_cpp:${AMENT_PREFIX_PATH} CMAKE_PREFIX_PATH=/home/cmhales/vtol_ctrl_ros2/install/px4_ros2_cpp:/home/cmhales/vtol_ctrl_ros2/install/px4_msgs:/home/cmhales/vtol_ctrl_ros2/install/px4_ros_com:/home/cmhales/vtol_ctrl_ros2/install/ros2_px4_interface:/opt/ros/humble LD_LIBRARY_PATH=/home/cmhales/vtol_ctrl_ros2/install/px4_ros2_cpp/lib:/home/cmhales/vtol_ctrl_ros2/install/px4_msgs/lib:/home/cmhales/vtol_ctrl_ros2/install/px4_ros_com/lib:/opt/ros/humble/opt/rviz_ogre_vendor/lib:/opt/ros/humble/lib/x86_64-linux-gnu:/opt/ros/humble/lib /usr/bin/cmake /home/cmhales/vtol_ctrl_ros2/src/px4-ros2-interface-lib/examples/cpp/modes/rtl_replacement -DCMAKE_INSTALL_PREFIX=/home/cmhales/vtol_ctrl_ros2/install/example_mode_rtl_replacement_cpp
[2.334s] Invoking command in '/home/cmhales/vtol_ctrl_ros2/build/example_mode_rtl_replacement_cpp': AMENT_PREFIX_PATH=/home/cmhales/vtol_ctrl_ros2/install/px4_ros2_cpp:${AMENT_PREFIX_PATH} CMAKE_PREFIX_PATH=/home/cmhales/vtol_ctrl_ros2/install/px4_ros2_cpp:/home/cmhales/vtol_ctrl_ros2/install/px4_msgs:/home/cmhales/vtol_ctrl_ros2/install/px4_ros_com:/home/cmhales/vtol_ctrl_ros2/install/ros2_px4_interface:/opt/ros/humble LD_LIBRARY_PATH=/home/cmhales/vtol_ctrl_ros2/install/px4_ros2_cpp/lib:/home/cmhales/vtol_ctrl_ros2/install/px4_msgs/lib:/home/cmhales/vtol_ctrl_ros2/install/px4_ros_com/lib:/opt/ros/humble/opt/rviz_ogre_vendor/lib:/opt/ros/humble/lib/x86_64-linux-gnu:/opt/ros/humble/lib /usr/bin/cmake --build /home/cmhales/vtol_ctrl_ros2/build/example_mode_rtl_replacement_cpp -- -j6 -l6
[2.388s] [ 50%] [32mBuilding CXX object CMakeFiles/example_mode_rtl.dir/src/main.cpp.o[0m
[11.403s] [100%] [32m[1mLinking CXX executable example_mode_rtl[0m
[12.538s] [100%] Built target example_mode_rtl
[12.550s] Invoked command in '/home/cmhales/vtol_ctrl_ros2/build/example_mode_rtl_replacement_cpp' returned '0': AMENT_PREFIX_PATH=/home/cmhales/vtol_ctrl_ros2/install/px4_ros2_cpp:${AMENT_PREFIX_PATH} CMAKE_PREFIX_PATH=/home/cmhales/vtol_ctrl_ros2/install/px4_ros2_cpp:/home/cmhales/vtol_ctrl_ros2/install/px4_msgs:/home/cmhales/vtol_ctrl_ros2/install/px4_ros_com:/home/cmhales/vtol_ctrl_ros2/install/ros2_px4_interface:/opt/ros/humble LD_LIBRARY_PATH=/home/cmhales/vtol_ctrl_ros2/install/px4_ros2_cpp/lib:/home/cmhales/vtol_ctrl_ros2/install/px4_msgs/lib:/home/cmhales/vtol_ctrl_ros2/install/px4_ros_com/lib:/opt/ros/humble/opt/rviz_ogre_vendor/lib:/opt/ros/humble/lib/x86_64-linux-gnu:/opt/ros/humble/lib /usr/bin/cmake --build /home/cmhales/vtol_ctrl_ros2/build/example_mode_rtl_replacement_cpp -- -j6 -l6
[12.580s] Invoking command in '/home/cmhales/vtol_ctrl_ros2/build/example_mode_rtl_replacement_cpp': AMENT_PREFIX_PATH=/home/cmhales/vtol_ctrl_ros2/install/px4_ros2_cpp:${AMENT_PREFIX_PATH} CMAKE_PREFIX_PATH=/home/cmhales/vtol_ctrl_ros2/install/px4_ros2_cpp:/home/cmhales/vtol_ctrl_ros2/install/px4_msgs:/home/cmhales/vtol_ctrl_ros2/install/px4_ros_com:/home/cmhales/vtol_ctrl_ros2/install/ros2_px4_interface:/opt/ros/humble LD_LIBRARY_PATH=/home/cmhales/vtol_ctrl_ros2/install/px4_ros2_cpp/lib:/home/cmhales/vtol_ctrl_ros2/install/px4_msgs/lib:/home/cmhales/vtol_ctrl_ros2/install/px4_ros_com/lib:/opt/ros/humble/opt/rviz_ogre_vendor/lib:/opt/ros/humble/lib/x86_64-linux-gnu:/opt/ros/humble/lib /usr/bin/cmake --install /home/cmhales/vtol_ctrl_ros2/build/example_mode_rtl_replacement_cpp
[12.588s] -- Install configuration: ""
[12.588s] -- Installing: /home/cmhales/vtol_ctrl_ros2/install/example_mode_rtl_replacement_cpp/lib/example_mode_rtl_replacement_cpp/example_mode_rtl
[12.594s] -- Set runtime path of "/home/cmhales/vtol_ctrl_ros2/install/example_mode_rtl_replacement_cpp/lib/example_mode_rtl_replacement_cpp/example_mode_rtl" to ""
[12.594s] -- Installing: /home/cmhales/vtol_ctrl_ros2/install/example_mode_rtl_replacement_cpp/share/ament_index/resource_index/package_run_dependencies/example_mode_rtl_replacement_cpp
[12.594s] -- Installing: /home/cmhales/vtol_ctrl_ros2/install/example_mode_rtl_replacement_cpp/share/ament_index/resource_index/parent_prefix_path/example_mode_rtl_replacement_cpp
[12.595s] -- Installing: /home/cmhales/vtol_ctrl_ros2/install/example_mode_rtl_replacement_cpp/share/example_mode_rtl_replacement_cpp/environment/ament_prefix_path.sh
[12.595s] -- Installing: /home/cmhales/vtol_ctrl_ros2/install/example_mode_rtl_replacement_cpp/share/example_mode_rtl_replacement_cpp/environment/ament_prefix_path.dsv
[12.595s] -- Installing: /home/cmhales/vtol_ctrl_ros2/install/example_mode_rtl_replacement_cpp/share/example_mode_rtl_replacement_cpp/environment/path.sh
[12.596s] -- Installing: /home/cmhales/vtol_ctrl_ros2/install/example_mode_rtl_replacement_cpp/share/example_mode_rtl_replacement_cpp/environment/path.dsv
[12.596s] -- Installing: /home/cmhales/vtol_ctrl_ros2/install/example_mode_rtl_replacement_cpp/share/example_mode_rtl_replacement_cpp/local_setup.bash
[12.596s] -- Installing: /home/cmhales/vtol_ctrl_ros2/install/example_mode_rtl_replacement_cpp/share/example_mode_rtl_replacement_cpp/local_setup.sh
[12.596s] -- Installing: /home/cmhales/vtol_ctrl_ros2/install/example_mode_rtl_replacement_cpp/share/example_mode_rtl_replacement_cpp/local_setup.zsh
[12.596s] -- Installing: /home/cmhales/vtol_ctrl_ros2/install/example_mode_rtl_replacement_cpp/share/example_mode_rtl_replacement_cpp/local_setup.dsv
[12.596s] -- Installing: /home/cmhales/vtol_ctrl_ros2/install/example_mode_rtl_replacement_cpp/share/example_mode_rtl_replacement_cpp/package.dsv
[12.597s] -- Installing: /home/cmhales/vtol_ctrl_ros2/install/example_mode_rtl_replacement_cpp/share/ament_index/resource_index/packages/example_mode_rtl_replacement_cpp
[12.597s] -- Installing: /home/cmhales/vtol_ctrl_ros2/install/example_mode_rtl_replacement_cpp/share/example_mode_rtl_replacement_cpp/cmake/example_mode_rtl_replacement_cppConfig.cmake
[12.597s] -- Installing: /home/cmhales/vtol_ctrl_ros2/install/example_mode_rtl_replacement_cpp/share/example_mode_rtl_replacement_cpp/cmake/example_mode_rtl_replacement_cppConfig-version.cmake
[12.597s] -- Installing: /home/cmhales/vtol_ctrl_ros2/install/example_mode_rtl_replacement_cpp/share/example_mode_rtl_replacement_cpp/package.xml
[12.599s] Invoked command in '/home/cmhales/vtol_ctrl_ros2/build/example_mode_rtl_replacement_cpp' returned '0': AMENT_PREFIX_PATH=/home/cmhales/vtol_ctrl_ros2/install/px4_ros2_cpp:${AMENT_PREFIX_PATH} CMAKE_PREFIX_PATH=/home/cmhales/vtol_ctrl_ros2/install/px4_ros2_cpp:/home/cmhales/vtol_ctrl_ros2/install/px4_msgs:/home/cmhales/vtol_ctrl_ros2/install/px4_ros_com:/home/cmhales/vtol_ctrl_ros2/install/ros2_px4_interface:/opt/ros/humble LD_LIBRARY_PATH=/home/cmhales/vtol_ctrl_ros2/install/px4_ros2_cpp/lib:/home/cmhales/vtol_ctrl_ros2/install/px4_msgs/lib:/home/cmhales/vtol_ctrl_ros2/install/px4_ros_com/lib:/opt/ros/humble/opt/rviz_ogre_vendor/lib:/opt/ros/humble/lib/x86_64-linux-gnu:/opt/ros/humble/lib /usr/bin/cmake --install /home/cmhales/vtol_ctrl_ros2/build/example_mode_rtl_replacement_cpp
